# JRE version: OpenJDK Runtime Environment Microsoft-8902769 (17.0.10+7) (build 17.0.10+7-LTS)
# Java VM: OpenJDK 64-Bit Server VM Microsoft-8902769 (17.0.10+7-LTS, mixed mode, sharing, tiered, compressed oops, compressed class ptrs, g1 gc, windows-amd64)
GC Precious Log:
 CPUs: 12 total, 12 available
 Memory: 16205M
 Large Page Support: Disabled
 NUMA Support: Disabled
 Compressed Oops: Enabled (32-bit)
 Heap Region Size: 1M
 Heap Min Capacity: 8M
 Heap Initial Capacity: 254M
 Heap Max Capacity: 2G
 Pre-touch: Disabled
 Parallel Workers: 10
 Concurrent Workers: 3
 Concurrent Refinement Workers: 10
 Periodic GC: Disabled
Heap:
 garbage-first heap   total 171008K, used 115851K [0x0000000080000000, 0x0000000100000000)
  region size 1024K, 36 young (36864K), 8 survivors (8192K)
 Metaspace       used 92377K, committed 93312K, reserved 557056K
  class space    used 12660K, committed 13120K, reserved 425984K
GC Heap History (20 events):
Event: 16.511 GC heap before
{Heap before GC invocations=26 (full 0):
 garbage-first heap   total 102400K, used 83745K [0x0000000080000000, 0x0000000100000000)
  region size 1024K, 26 young (26624K), 1 survivors (1024K)
 Metaspace       used 59457K, committed 60160K, reserved 491520K
  class space    used 8344K, committed 8704K, reserved 425984K
}
Event: 16.513 GC heap after
{Heap after GC invocations=27 (full 0):
 garbage-first heap   total 102400K, used 58981K [0x0000000080000000, 0x0000000100000000)
  region size 1024K, 2 young (2048K), 2 survivors (2048K)
 Metaspace       used 59457K, committed 60160K, reserved 491520K
  class space    used 8344K, committed 8704K, reserved 425984K
}
Event: 16.920 GC heap before
{Heap before GC invocations=28 (full 0):
 garbage-first heap   total 106496K, used 82533K [0x0000000080000000, 0x0000000100000000)
  region size 1024K, 26 young (26624K), 2 survivors (2048K)
 Metaspace       used 61841K, committed 62528K, reserved 491520K
  class space    used 8748K, committed 9088K, reserved 425984K
}
Event: 16.923 GC heap after
{Heap after GC invocations=29 (full 0):
 garbage-first heap   total 106496K, used 59886K [0x0000000080000000, 0x0000000100000000)
  region size 1024K, 3 young (3072K), 3 survivors (3072K)
 Metaspace       used 61841K, committed 62528K, reserved 491520K
  class space    used 8748K, committed 9088K, reserved 425984K
}
Event: 16.952 GC heap before
{Heap before GC invocations=29 (full 0):
 garbage-first heap   total 106496K, used 61934K [0x0000000080000000, 0x0000000100000000)
  region size 1024K, 5 young (5120K), 3 survivors (3072K)
 Metaspace       used 61939K, committed 62592K, reserved 491520K
  class space    used 8769K, committed 9088K, reserved 425984K
}
Event: 16.955 GC heap after
{Heap after GC invocations=30 (full 0):
 garbage-first heap   total 106496K, used 59676K [0x0000000080000000, 0x0000000100000000)
  region size 1024K, 1 young (1024K), 1 survivors (1024K)
 Metaspace       used 61939K, committed 62592K, reserved 491520K
  class space    used 8769K, committed 9088K, reserved 425984K
}
Event: 17.394 GC heap before
{Heap before GC invocations=30 (full 0):
 garbage-first heap   total 106496K, used 92444K [0x0000000080000000, 0x0000000100000000)
  region size 1024K, 30 young (30720K), 1 survivors (1024K)
 Metaspace       used 63488K, committed 64192K, reserved 491520K
  class space    used 8996K, committed 9344K, reserved 425984K
}
Event: 17.397 GC heap after
{Heap after GC invocations=31 (full 0):
 garbage-first heap   total 171008K, used 63647K [0x0000000080000000, 0x0000000100000000)
  region size 1024K, 2 young (2048K), 2 survivors (2048K)
 Metaspace       used 63488K, committed 64192K, reserved 491520K
  class space    used 8996K, committed 9344K, reserved 425984K
}
Event: 19.154 GC heap before
{Heap before GC invocations=32 (full 0):
 garbage-first heap   total 171008K, used 143519K [0x0000000080000000, 0x0000000100000000)
  region size 1024K, 80 young (81920K), 2 survivors (2048K)
 Metaspace       used 66811K, committed 67584K, reserved 491520K
  class space    used 9473K, committed 9856K, reserved 425984K
}
Event: 19.161 GC heap after
{Heap after GC invocations=33 (full 0):
 garbage-first heap   total 171008K, used 69749K [0x0000000080000000, 0x0000000100000000)
  region size 1024K, 8 young (8192K), 8 survivors (8192K)
 Metaspace       used 66811K, committed 67584K, reserved 491520K
  class space    used 9473K, committed 9856K, reserved 425984K
}
Event: 19.182 GC heap before
{Heap before GC invocations=33 (full 0):
 garbage-first heap   total 171008K, used 70773K [0x0000000080000000, 0x0000000100000000)
  region size 1024K, 9 young (9216K), 8 survivors (8192K)
 Metaspace       used 66895K, committed 67648K, reserved 491520K
  class space    used 9487K, committed 9856K, reserved 425984K
}
Event: 19.187 GC heap after
{Heap after GC invocations=34 (full 0):
 garbage-first heap   total 171008K, used 70219K [0x0000000080000000, 0x0000000100000000)
  region size 1024K, 1 young (1024K), 1 survivors (1024K)
 Metaspace       used 66895K, committed 67648K, reserved 491520K
  class space    used 9487K, committed 9856K, reserved 425984K
}
Event: 21.280 GC heap before
{Heap before GC invocations=34 (full 0):
 garbage-first heap   total 171008K, used 141899K [0x0000000080000000, 0x0000000100000000)
  region size 1024K, 71 young (72704K), 1 survivors (1024K)
 Metaspace       used 71696K, committed 72512K, reserved 491520K
  class space    used 10269K, committed 10688K, reserved 425984K
}
Event: 21.288 GC heap after
{Heap after GC invocations=35 (full 0):
 garbage-first heap   total 171008K, used 74384K [0x0000000080000000, 0x0000000100000000)
  region size 1024K, 5 young (5120K), 5 survivors (5120K)
 Metaspace       used 71696K, committed 72512K, reserved 491520K
  class space    used 10269K, committed 10688K, reserved 425984K
}
Event: 23.631 GC heap before
{Heap before GC invocations=35 (full 0):
 garbage-first heap   total 171008K, used 141968K [0x0000000080000000, 0x0000000100000000)
  region size 1024K, 70 young (71680K), 5 survivors (5120K)
 Metaspace       used 77681K, committed 78592K, reserved 557056K
  class space    used 10888K, committed 11328K, reserved 425984K
}
Event: 23.640 GC heap after
{Heap after GC invocations=36 (full 0):
 garbage-first heap   total 171008K, used 79823K [0x0000000080000000, 0x0000000100000000)
  region size 1024K, 6 young (6144K), 6 survivors (6144K)
 Metaspace       used 77681K, committed 78592K, reserved 557056K
  class space    used 10888K, committed 11328K, reserved 425984K
}
Event: 25.883 GC heap before
{Heap before GC invocations=36 (full 0):
 garbage-first heap   total 171008K, used 138191K [0x0000000080000000, 0x0000000100000000)
  region size 1024K, 64 young (65536K), 6 survivors (6144K)
 Metaspace       used 81680K, committed 82624K, reserved 557056K
  class space    used 11497K, committed 11904K, reserved 425984K
}
Event: 25.890 GC heap after
{Heap after GC invocations=37 (full 0):
 garbage-first heap   total 171008K, used 82437K [0x0000000080000000, 0x0000000100000000)
  region size 1024K, 3 young (3072K), 3 survivors (3072K)
 Metaspace       used 81680K, committed 82624K, reserved 557056K
  class space    used 11497K, committed 11904K, reserved 425984K
}
Event: 28.760 GC heap before
{Heap before GC invocations=37 (full 0):
 garbage-first heap   total 171008K, used 140805K [0x0000000080000000, 0x0000000100000000)
  region size 1024K, 60 young (61440K), 3 survivors (3072K)
 Metaspace       used 91355K, committed 92288K, reserved 557056K
  class space    used 12624K, committed 13120K, reserved 425984K
}
Event: 28.771 GC heap after
{Heap after GC invocations=38 (full 0):
 garbage-first heap   total 171008K, used 89227K [0x0000000080000000, 0x0000000100000000)
  region size 1024K, 8 young (8192K), 8 survivors (8192K)
 Metaspace       used 91355K, committed 92288K, reserved 557056K
  class space    used 12624K, committed 13120K, reserved 425984K
}

