# JRE version: OpenJDK Runtime Environment Temurin-21.0.6+7 (21.0.6+7) (build 21.0.6+7-LTS)
# Java VM: OpenJDK 64-Bit Server VM Temurin-21.0.6+7 (21.0.6+7-LTS, mixed mode, sharing, tiered, compressed oops, compressed class ptrs, parallel gc, windows-amd64)
GC Precious Log:
 CardTable entry size: 512
 CPUs: 12 total, 12 available
 Memory: 16205M
 Large Page Support: Disabled
 NUMA Support: Disabled
 Compressed Oops: Enabled (32-bit)
 Alignments: Space 512K, Generation 512K, Heap 2M
 Heap Min Capacity: 100M
 Heap Initial Capacity: 100M
 Heap Max Capacity: 1G
 Pre-touch: Disabled
 Parallel Workers: 10
Heap:
 PSYoungGen      total 4608K, used 3371K [0x00000000eab00000, 0x00000000eb280000, 0x0000000100000000)
  eden space 3072K, 95% used [0x00000000eab00000,0x00000000eaddadb0,0x00000000eae00000)
  from space 1536K, 29% used [0x00000000eaf80000,0x00000000eaff0000,0x00000000eb100000)
  to   space 1024K, 0% used [0x00000000eb180000,0x00000000eb180000,0x00000000eb280000)
 ParOldGen       total 405504K, used 405120K [0x00000000c0000000, 0x00000000d8c00000, 0x00000000eab00000)
  object space 405504K, 99% used [0x00000000c0000000,0x00000000d8ba0160,0x00000000d8c00000)
 Metaspace       used 72788K, committed 74304K, reserved 1179648K
  class space    used 7963K, committed 8640K, reserved 1048576K
GC Heap History (20 events):
Event: 14.717 GC heap before
{Heap before GC invocations=319 (full 3):
 PSYoungGen      total 6656K, used 3872K [0x00000000eab00000, 0x00000000eb500000, 0x0000000100000000)
  eden space 3072K, 100% used [0x00000000eab00000,0x00000000eae00000,0x00000000eae00000)
  from space 3584K, 22% used [0x00000000eaf80000,0x00000000eb048018,0x00000000eb300000)
  to   space 1536K, 0% used [0x00000000eb380000,0x00000000eb380000,0x00000000eb500000)
 ParOldGen       total 399360K, used 398902K [0x00000000c0000000, 0x00000000d8600000, 0x00000000eab00000)
  object space 399360K, 99% used [0x00000000c0000000,0x00000000d858db00,0x00000000d8600000)
 Metaspace       used 71855K, committed 73344K, reserved 1114112K
  class space    used 7873K, committed 8512K, reserved 1048576K
}
Event: 14.718 GC heap after
{Heap after GC invocations=319 (full 3):
 PSYoungGen      total 3584K, used 352K [0x00000000eab00000, 0x00000000eb400000, 0x0000000100000000)
  eden space 3072K, 0% used [0x00000000eab00000,0x00000000eab00000,0x00000000eae00000)
  from space 512K, 68% used [0x00000000eb380000,0x00000000eb3d8000,0x00000000eb400000)
  to   space 1024K, 0% used [0x00000000eb200000,0x00000000eb200000,0x00000000eb300000)
 ParOldGen       total 399872K, used 399536K [0x00000000c0000000, 0x00000000d8680000, 0x00000000eab00000)
  object space 399872K, 99% used [0x00000000c0000000,0x00000000d862c340,0x00000000d8680000)
 Metaspace       used 71855K, committed 73344K, reserved 1114112K
  class space    used 7873K, committed 8512K, reserved 1048576K
}
Event: 14.746 GC heap before
{Heap before GC invocations=320 (full 3):
 PSYoungGen      total 3584K, used 3424K [0x00000000eab00000, 0x00000000eb400000, 0x0000000100000000)
  eden space 3072K, 100% used [0x00000000eab00000,0x00000000eae00000,0x00000000eae00000)
  from space 512K, 68% used [0x00000000eb380000,0x00000000eb3d8000,0x00000000eb400000)
  to   space 1024K, 0% used [0x00000000eb200000,0x00000000eb200000,0x00000000eb300000)
 ParOldGen       total 399872K, used 399536K [0x00000000c0000000, 0x00000000d8680000, 0x00000000eab00000)
  object space 399872K, 99% used [0x00000000c0000000,0x00000000d862c340,0x00000000d8680000)
 Metaspace       used 71872K, committed 73408K, reserved 1114112K
  class space    used 7874K, committed 8512K, reserved 1048576K
}
Event: 14.746 GC heap after
{Heap after GC invocations=320 (full 3):
 PSYoungGen      total 4096K, used 320K [0x00000000eab00000, 0x00000000eb400000, 0x0000000100000000)
  eden space 3072K, 0% used [0x00000000eab00000,0x00000000eab00000,0x00000000eae00000)
  from space 1024K, 31% used [0x00000000eb200000,0x00000000eb250000,0x00000000eb300000)
  to   space 512K, 0% used [0x00000000eb380000,0x00000000eb380000,0x00000000eb400000)
 ParOldGen       total 399872K, used 399688K [0x00000000c0000000, 0x00000000d8680000, 0x00000000eab00000)
  object space 399872K, 99% used [0x00000000c0000000,0x00000000d86521f8,0x00000000d8680000)
 Metaspace       used 71872K, committed 73408K, reserved 1114112K
  class space    used 7874K, committed 8512K, reserved 1048576K
}
Event: 14.769 GC heap before
{Heap before GC invocations=321 (full 3):
 PSYoungGen      total 4096K, used 3392K [0x00000000eab00000, 0x00000000eb400000, 0x0000000100000000)
  eden space 3072K, 100% used [0x00000000eab00000,0x00000000eae00000,0x00000000eae00000)
  from space 1024K, 31% used [0x00000000eb200000,0x00000000eb250000,0x00000000eb300000)
  to   space 512K, 0% used [0x00000000eb380000,0x00000000eb380000,0x00000000eb400000)
 ParOldGen       total 399872K, used 399688K [0x00000000c0000000, 0x00000000d8680000, 0x00000000eab00000)
  object space 399872K, 99% used [0x00000000c0000000,0x00000000d86521f8,0x00000000d8680000)
 Metaspace       used 71928K, committed 73472K, reserved 1114112K
  class space    used 7876K, committed 8576K, reserved 1048576K
}
Event: 14.770 GC heap after
{Heap after GC invocations=321 (full 3):
 PSYoungGen      total 3584K, used 480K [0x00000000eab00000, 0x00000000eb400000, 0x0000000100000000)
  eden space 3072K, 0% used [0x00000000eab00000,0x00000000eab00000,0x00000000eae00000)
  from space 512K, 93% used [0x00000000eb380000,0x00000000eb3f83a8,0x00000000eb400000)
  to   space 1536K, 0% used [0x00000000eb100000,0x00000000eb100000,0x00000000eb280000)
 ParOldGen       total 400384K, used 400332K [0x00000000c0000000, 0x00000000d8700000, 0x00000000eab00000)
  object space 400384K, 99% used [0x00000000c0000000,0x00000000d86f3228,0x00000000d8700000)
 Metaspace       used 71928K, committed 73472K, reserved 1114112K
  class space    used 7876K, committed 8576K, reserved 1048576K
}
Event: 14.796 GC heap before
{Heap before GC invocations=322 (full 3):
 PSYoungGen      total 3584K, used 3552K [0x00000000eab00000, 0x00000000eb400000, 0x0000000100000000)
  eden space 3072K, 100% used [0x00000000eab00000,0x00000000eae00000,0x00000000eae00000)
  from space 512K, 93% used [0x00000000eb380000,0x00000000eb3f83a8,0x00000000eb400000)
  to   space 1536K, 0% used [0x00000000eb100000,0x00000000eb100000,0x00000000eb280000)
 ParOldGen       total 400384K, used 400332K [0x00000000c0000000, 0x00000000d8700000, 0x00000000eab00000)
  object space 400384K, 99% used [0x00000000c0000000,0x00000000d86f3228,0x00000000d8700000)
 Metaspace       used 71955K, committed 73536K, reserved 1114112K
  class space    used 7876K, committed 8576K, reserved 1048576K
}
Event: 14.797 GC heap after
{Heap after GC invocations=322 (full 3):
 PSYoungGen      total 4608K, used 597K [0x00000000eab00000, 0x00000000eb400000, 0x0000000100000000)
  eden space 3072K, 0% used [0x00000000eab00000,0x00000000eab00000,0x00000000eae00000)
  from space 1536K, 38% used [0x00000000eb100000,0x00000000eb1956c0,0x00000000eb280000)
  to   space 1024K, 0% used [0x00000000eb300000,0x00000000eb300000,0x00000000eb400000)
 ParOldGen       total 400896K, used 400821K [0x00000000c0000000, 0x00000000d8780000, 0x00000000eab00000)
  object space 400896K, 99% used [0x00000000c0000000,0x00000000d876d4d8,0x00000000d8780000)
 Metaspace       used 71955K, committed 73536K, reserved 1114112K
  class space    used 7876K, committed 8576K, reserved 1048576K
}
Event: 14.829 GC heap before
{Heap before GC invocations=323 (full 3):
 PSYoungGen      total 4608K, used 3669K [0x00000000eab00000, 0x00000000eb400000, 0x0000000100000000)
  eden space 3072K, 100% used [0x00000000eab00000,0x00000000eae00000,0x00000000eae00000)
  from space 1536K, 38% used [0x00000000eb100000,0x00000000eb1956c0,0x00000000eb280000)
  to   space 1024K, 0% used [0x00000000eb300000,0x00000000eb300000,0x00000000eb400000)
 ParOldGen       total 400896K, used 400821K [0x00000000c0000000, 0x00000000d8780000, 0x00000000eab00000)
  object space 400896K, 99% used [0x00000000c0000000,0x00000000d876d4d8,0x00000000d8780000)
 Metaspace       used 71983K, committed 73536K, reserved 1114112K
  class space    used 7876K, committed 8576K, reserved 1048576K
}
Event: 14.830 GC heap after
{Heap after GC invocations=323 (full 3):
 PSYoungGen      total 3584K, used 355K [0x00000000eab00000, 0x00000000eb380000, 0x0000000100000000)
  eden space 3072K, 0% used [0x00000000eab00000,0x00000000eab00000,0x00000000eae00000)
  from space 512K, 69% used [0x00000000eb300000,0x00000000eb358dc8,0x00000000eb380000)
  to   space 512K, 0% used [0x00000000eb280000,0x00000000eb280000,0x00000000eb300000)
 ParOldGen       total 401408K, used 401069K [0x00000000c0000000, 0x00000000d8800000, 0x00000000eab00000)
  object space 401408K, 99% used [0x00000000c0000000,0x00000000d87ab4d8,0x00000000d8800000)
 Metaspace       used 71983K, committed 73536K, reserved 1114112K
  class space    used 7876K, committed 8576K, reserved 1048576K
}
Event: 14.859 GC heap before
{Heap before GC invocations=324 (full 3):
 PSYoungGen      total 3584K, used 3427K [0x00000000eab00000, 0x00000000eb380000, 0x0000000100000000)
  eden space 3072K, 100% used [0x00000000eab00000,0x00000000eae00000,0x00000000eae00000)
  from space 512K, 69% used [0x00000000eb300000,0x00000000eb358dc8,0x00000000eb380000)
  to   space 512K, 0% used [0x00000000eb280000,0x00000000eb280000,0x00000000eb300000)
 ParOldGen       total 401408K, used 401069K [0x00000000c0000000, 0x00000000d8800000, 0x00000000eab00000)
  object space 401408K, 99% used [0x00000000c0000000,0x00000000d87ab4d8,0x00000000d8800000)
 Metaspace       used 71986K, committed 73536K, reserved 1114112K
  class space    used 7876K, committed 8576K, reserved 1048576K
}
Event: 14.860 GC heap after
{Heap after GC invocations=324 (full 3):
 PSYoungGen      total 3584K, used 384K [0x00000000eab00000, 0x00000000eb380000, 0x0000000100000000)
  eden space 3072K, 0% used [0x00000000eab00000,0x00000000eab00000,0x00000000eae00000)
  from space 512K, 75% used [0x00000000eb280000,0x00000000eb2e0000,0x00000000eb300000)
  to   space 512K, 0% used [0x00000000eb300000,0x00000000eb300000,0x00000000eb380000)
 ParOldGen       total 401408K, used 401189K [0x00000000c0000000, 0x00000000d8800000, 0x00000000eab00000)
  object space 401408K, 99% used [0x00000000c0000000,0x00000000d87c94d8,0x00000000d8800000)
 Metaspace       used 71986K, committed 73536K, reserved 1114112K
  class space    used 7876K, committed 8576K, reserved 1048576K
}
Event: 14.897 GC heap before
{Heap before GC invocations=325 (full 3):
 PSYoungGen      total 3584K, used 3456K [0x00000000eab00000, 0x00000000eb380000, 0x0000000100000000)
  eden space 3072K, 100% used [0x00000000eab00000,0x00000000eae00000,0x00000000eae00000)
  from space 512K, 75% used [0x00000000eb280000,0x00000000eb2e0000,0x00000000eb300000)
  to   space 512K, 0% used [0x00000000eb300000,0x00000000eb300000,0x00000000eb380000)
 ParOldGen       total 401408K, used 401189K [0x00000000c0000000, 0x00000000d8800000, 0x00000000eab00000)
  object space 401408K, 99% used [0x00000000c0000000,0x00000000d87c94d8,0x00000000d8800000)
 Metaspace       used 72050K, committed 73600K, reserved 1114112K
  class space    used 7891K, committed 8576K, reserved 1048576K
}
Event: 14.899 GC heap after
{Heap after GC invocations=325 (full 3):
 PSYoungGen      total 3584K, used 480K [0x00000000eab00000, 0x00000000eb380000, 0x0000000100000000)
  eden space 3072K, 0% used [0x00000000eab00000,0x00000000eab00000,0x00000000eae00000)
  from space 512K, 93% used [0x00000000eb300000,0x00000000eb378228,0x00000000eb380000)
  to   space 1536K, 0% used [0x00000000eb080000,0x00000000eb080000,0x00000000eb200000)
 ParOldGen       total 402432K, used 401933K [0x00000000c0000000, 0x00000000d8900000, 0x00000000eab00000)
  object space 402432K, 99% used [0x00000000c0000000,0x00000000d8883700,0x00000000d8900000)
 Metaspace       used 72050K, committed 73600K, reserved 1114112K
  class space    used 7891K, committed 8576K, reserved 1048576K
}
Event: 14.912 GC heap before
{Heap before GC invocations=326 (full 3):
 PSYoungGen      total 3584K, used 3552K [0x00000000eab00000, 0x00000000eb380000, 0x0000000100000000)
  eden space 3072K, 99% used [0x00000000eab00000,0x00000000eadfffb8,0x00000000eae00000)
  from space 512K, 93% used [0x00000000eb300000,0x00000000eb378228,0x00000000eb380000)
  to   space 1536K, 0% used [0x00000000eb080000,0x00000000eb080000,0x00000000eb200000)
 ParOldGen       total 402432K, used 401933K [0x00000000c0000000, 0x00000000d8900000, 0x00000000eab00000)
  object space 402432K, 99% used [0x00000000c0000000,0x00000000d8883700,0x00000000d8900000)
 Metaspace       used 72079K, committed 73600K, reserved 1114112K
  class space    used 7896K, committed 8576K, reserved 1048576K
}
Event: 14.914 GC heap after
{Heap after GC invocations=326 (full 3):
 PSYoungGen      total 4608K, used 1504K [0x00000000eab00000, 0x00000000eb500000, 0x0000000100000000)
  eden space 3072K, 0% used [0x00000000eab00000,0x00000000eab00000,0x00000000eae00000)
  from space 1536K, 97% used [0x00000000eb080000,0x00000000eb1f8020,0x00000000eb200000)
  to   space 3072K, 0% used [0x00000000eb200000,0x00000000eb200000,0x00000000eb500000)
 ParOldGen       total 403456K, used 403296K [0x00000000c0000000, 0x00000000d8a00000, 0x00000000eab00000)
  object space 403456K, 99% used [0x00000000c0000000,0x00000000d89d8130,0x00000000d8a00000)
 Metaspace       used 72079K, committed 73600K, reserved 1114112K
  class space    used 7896K, committed 8576K, reserved 1048576K
}
Event: 21.654 GC heap before
{Heap before GC invocations=327 (full 3):
 PSYoungGen      total 4608K, used 4576K [0x00000000eab00000, 0x00000000eb500000, 0x0000000100000000)
  eden space 3072K, 99% used [0x00000000eab00000,0x00000000eadfffe8,0x00000000eae00000)
  from space 1536K, 97% used [0x00000000eb080000,0x00000000eb1f8020,0x00000000eb200000)
  to   space 3072K, 0% used [0x00000000eb200000,0x00000000eb200000,0x00000000eb500000)
 ParOldGen       total 403456K, used 403296K [0x00000000c0000000, 0x00000000d8a00000, 0x00000000eab00000)
  object space 403456K, 99% used [0x00000000c0000000,0x00000000d89d8130,0x00000000d8a00000)
 Metaspace       used 72290K, committed 73792K, reserved 1179648K
  class space    used 7915K, committed 8576K, reserved 1048576K
}
Event: 21.658 GC heap after
{Heap after GC invocations=327 (full 3):
 PSYoungGen      total 3584K, used 416K [0x00000000eab00000, 0x00000000eb280000, 0x0000000100000000)
  eden space 3072K, 0% used [0x00000000eab00000,0x00000000eab00000,0x00000000eae00000)
  from space 512K, 81% used [0x00000000eb200000,0x00000000eb268000,0x00000000eb280000)
  to   space 1536K, 0% used [0x00000000eaf80000,0x00000000eaf80000,0x00000000eb100000)
 ParOldGen       total 404992K, used 404840K [0x00000000c0000000, 0x00000000d8b80000, 0x00000000eab00000)
  object space 404992K, 99% used [0x00000000c0000000,0x00000000d8b5a160,0x00000000d8b80000)
 Metaspace       used 72290K, committed 73792K, reserved 1179648K
  class space    used 7915K, committed 8576K, reserved 1048576K
}
Event: 31.741 GC heap before
{Heap before GC invocations=328 (full 3):
 PSYoungGen      total 3584K, used 3487K [0x00000000eab00000, 0x00000000eb280000, 0x0000000100000000)
  eden space 3072K, 99% used [0x00000000eab00000,0x00000000eadffff0,0x00000000eae00000)
  from space 512K, 81% used [0x00000000eb200000,0x00000000eb268000,0x00000000eb280000)
  to   space 1536K, 0% used [0x00000000eaf80000,0x00000000eaf80000,0x00000000eb100000)
 ParOldGen       total 404992K, used 404840K [0x00000000c0000000, 0x00000000d8b80000, 0x00000000eab00000)
  object space 404992K, 99% used [0x00000000c0000000,0x00000000d8b5a160,0x00000000d8b80000)
 Metaspace       used 72401K, committed 73856K, reserved 1179648K
  class space    used 7920K, committed 8576K, reserved 1048576K
}
Event: 31.744 GC heap after
{Heap after GC invocations=328 (full 3):
 PSYoungGen      total 4608K, used 448K [0x00000000eab00000, 0x00000000eb280000, 0x0000000100000000)
  eden space 3072K, 0% used [0x00000000eab00000,0x00000000eab00000,0x00000000eae00000)
  from space 1536K, 29% used [0x00000000eaf80000,0x00000000eaff0000,0x00000000eb100000)
  to   space 1024K, 0% used [0x00000000eb180000,0x00000000eb180000,0x00000000eb280000)
 ParOldGen       total 405504K, used 405120K [0x00000000c0000000, 0x00000000d8c00000, 0x00000000eab00000)
  object space 405504K, 99% used [0x00000000c0000000,0x00000000d8ba0160,0x00000000d8c00000)
 Metaspace       used 72401K, committed 73856K, reserved 1179648K
  class space    used 7920K, committed 8576K, reserved 1048576K
}

