# JRE version: OpenJDK Runtime Environment Temurin-21.0.6+7 (21.0.6+7) (build 21.0.6+7-LTS)
# Java VM: OpenJDK 64-Bit Server VM Temurin-21.0.6+7 (21.0.6+7-LTS, mixed mode, sharing, tiered, compressed oops, compressed class ptrs, parallel gc, windows-amd64)
GC Precious Log:
 CardTable entry size: 512
 CPUs: 12 total, 12 available
 Memory: 16205M
 Large Page Support: Disabled
 NUMA Support: Disabled
 Compressed Oops: Enabled (32-bit)
 Alignments: Space 512K, Generation 512K, Heap 2M
 Heap Min Capacity: 100M
 Heap Initial Capacity: 100M
 Heap Max Capacity: 1G
 Pre-touch: Disabled
 Parallel Workers: 10
Heap:
 PSYoungGen      total 5120K, used 1410K [0x00000000eab00000, 0x00000000eb100000, 0x0000000100000000)
  eden space 4096K, 15% used [0x00000000eab00000,0x00000000eaba3b28,0x00000000eaf00000)
  from space 1024K, 73% used [0x00000000eaf00000,0x00000000eafbcee8,0x00000000eb000000)
  to   space 1024K, 0% used [0x00000000eb000000,0x00000000eb000000,0x00000000eb100000)
 ParOldGen       total 415232K, used 190798K [0x00000000c0000000, 0x00000000d9580000, 0x00000000eab00000)
  object space 415232K, 45% used [0x00000000c0000000,0x00000000cba53a80,0x00000000d9580000)
 Metaspace       used 64772K, committed 66112K, reserved 1114112K
  class space    used 7170K, committed 7808K, reserved 1048576K
GC Heap History (20 events):
Event: 16.026 GC heap before
{Heap before GC invocations=405 (full 3):
 PSYoungGen      total 4608K, used 4608K [0x00000000eab00000, 0x00000000eb200000, 0x0000000100000000)
  eden space 4096K, 100% used [0x00000000eab00000,0x00000000eaf00000,0x00000000eaf00000)
  from space 512K, 100% used [0x00000000eb000000,0x00000000eb080000,0x00000000eb080000)
  to   space 1536K, 0% used [0x00000000eb080000,0x00000000eb080000,0x00000000eb200000)
 ParOldGen       total 415232K, used 183239K [0x00000000c0000000, 0x00000000d9580000, 0x00000000eab00000)
  object space 415232K, 44% used [0x00000000c0000000,0x00000000cb2f1dd0,0x00000000d9580000)
 Metaspace       used 62212K, committed 63552K, reserved 1114112K
  class space    used 6851K, committed 7424K, reserved 1048576K
}
Event: 16.028 GC heap after
{Heap after GC invocations=405 (full 3):
 PSYoungGen      total 4608K, used 416K [0x00000000eab00000, 0x00000000eb100000, 0x0000000100000000)
  eden space 4096K, 0% used [0x00000000eab00000,0x00000000eab00000,0x00000000eaf00000)
  from space 512K, 81% used [0x00000000eb080000,0x00000000eb0e83a8,0x00000000eb100000)
  to   space 1024K, 0% used [0x00000000eaf00000,0x00000000eaf00000,0x00000000eb000000)
 ParOldGen       total 415232K, used 183791K [0x00000000c0000000, 0x00000000d9580000, 0x00000000eab00000)
  object space 415232K, 44% used [0x00000000c0000000,0x00000000cb37be00,0x00000000d9580000)
 Metaspace       used 62212K, committed 63552K, reserved 1114112K
  class space    used 6851K, committed 7424K, reserved 1048576K
}
Event: 16.066 GC heap before
{Heap before GC invocations=406 (full 3):
 PSYoungGen      total 4608K, used 4512K [0x00000000eab00000, 0x00000000eb100000, 0x0000000100000000)
  eden space 4096K, 100% used [0x00000000eab00000,0x00000000eaf00000,0x00000000eaf00000)
  from space 512K, 81% used [0x00000000eb080000,0x00000000eb0e83a8,0x00000000eb100000)
  to   space 1024K, 0% used [0x00000000eaf00000,0x00000000eaf00000,0x00000000eb000000)
 ParOldGen       total 415232K, used 183791K [0x00000000c0000000, 0x00000000d9580000, 0x00000000eab00000)
  object space 415232K, 44% used [0x00000000c0000000,0x00000000cb37be00,0x00000000d9580000)
 Metaspace       used 62632K, committed 64000K, reserved 1114112K
  class space    used 6930K, committed 7552K, reserved 1048576K
}
Event: 16.068 GC heap after
{Heap after GC invocations=406 (full 3):
 PSYoungGen      total 5120K, used 352K [0x00000000eab00000, 0x00000000eb100000, 0x0000000100000000)
  eden space 4096K, 0% used [0x00000000eab00000,0x00000000eab00000,0x00000000eaf00000)
  from space 1024K, 34% used [0x00000000eaf00000,0x00000000eaf58000,0x00000000eb000000)
  to   space 512K, 0% used [0x00000000eb080000,0x00000000eb080000,0x00000000eb100000)
 ParOldGen       total 415232K, used 184128K [0x00000000c0000000, 0x00000000d9580000, 0x00000000eab00000)
  object space 415232K, 44% used [0x00000000c0000000,0x00000000cb3d01c8,0x00000000d9580000)
 Metaspace       used 62632K, committed 64000K, reserved 1114112K
  class space    used 6930K, committed 7552K, reserved 1048576K
}
Event: 16.114 GC heap before
{Heap before GC invocations=407 (full 3):
 PSYoungGen      total 5120K, used 4446K [0x00000000eab00000, 0x00000000eb100000, 0x0000000100000000)
  eden space 4096K, 99% used [0x00000000eab00000,0x00000000eaeffa60,0x00000000eaf00000)
  from space 1024K, 34% used [0x00000000eaf00000,0x00000000eaf58000,0x00000000eb000000)
  to   space 512K, 0% used [0x00000000eb080000,0x00000000eb080000,0x00000000eb100000)
 ParOldGen       total 415232K, used 184128K [0x00000000c0000000, 0x00000000d9580000, 0x00000000eab00000)
  object space 415232K, 44% used [0x00000000c0000000,0x00000000cb3d01c8,0x00000000d9580000)
 Metaspace       used 63024K, committed 64384K, reserved 1114112K
  class space    used 6999K, committed 7616K, reserved 1048576K
}
Event: 16.115 GC heap after
{Heap after GC invocations=407 (full 3):
 PSYoungGen      total 4608K, used 448K [0x00000000eab00000, 0x00000000eb100000, 0x0000000100000000)
  eden space 4096K, 0% used [0x00000000eab00000,0x00000000eab00000,0x00000000eaf00000)
  from space 512K, 87% used [0x00000000eb080000,0x00000000eb0f0000,0x00000000eb100000)
  to   space 512K, 0% used [0x00000000eb000000,0x00000000eb000000,0x00000000eb080000)
 ParOldGen       total 415232K, used 184272K [0x00000000c0000000, 0x00000000d9580000, 0x00000000eab00000)
  object space 415232K, 44% used [0x00000000c0000000,0x00000000cb3f41c8,0x00000000d9580000)
 Metaspace       used 63024K, committed 64384K, reserved 1114112K
  class space    used 6999K, committed 7616K, reserved 1048576K
}
Event: 16.156 GC heap before
{Heap before GC invocations=408 (full 3):
 PSYoungGen      total 4608K, used 4381K [0x00000000eab00000, 0x00000000eb100000, 0x0000000100000000)
  eden space 4096K, 96% used [0x00000000eab00000,0x00000000eaed7578,0x00000000eaf00000)
  from space 512K, 87% used [0x00000000eb080000,0x00000000eb0f0000,0x00000000eb100000)
  to   space 512K, 0% used [0x00000000eb000000,0x00000000eb000000,0x00000000eb080000)
 ParOldGen       total 415232K, used 184272K [0x00000000c0000000, 0x00000000d9580000, 0x00000000eab00000)
  object space 415232K, 44% used [0x00000000c0000000,0x00000000cb3f41c8,0x00000000d9580000)
 Metaspace       used 63352K, committed 64704K, reserved 1114112K
  class space    used 7031K, committed 7680K, reserved 1048576K
}
Event: 16.158 GC heap after
{Heap after GC invocations=408 (full 3):
 PSYoungGen      total 4608K, used 480K [0x00000000eab00000, 0x00000000eb100000, 0x0000000100000000)
  eden space 4096K, 0% used [0x00000000eab00000,0x00000000eab00000,0x00000000eaf00000)
  from space 512K, 93% used [0x00000000eb000000,0x00000000eb078110,0x00000000eb080000)
  to   space 512K, 0% used [0x00000000eb080000,0x00000000eb080000,0x00000000eb100000)
 ParOldGen       total 415232K, used 184620K [0x00000000c0000000, 0x00000000d9580000, 0x00000000eab00000)
  object space 415232K, 44% used [0x00000000c0000000,0x00000000cb44b0d0,0x00000000d9580000)
 Metaspace       used 63352K, committed 64704K, reserved 1114112K
  class space    used 7031K, committed 7680K, reserved 1048576K
}
Event: 16.184 GC heap before
{Heap before GC invocations=409 (full 3):
 PSYoungGen      total 4608K, used 4576K [0x00000000eab00000, 0x00000000eb100000, 0x0000000100000000)
  eden space 4096K, 100% used [0x00000000eab00000,0x00000000eaf00000,0x00000000eaf00000)
  from space 512K, 93% used [0x00000000eb000000,0x00000000eb078110,0x00000000eb080000)
  to   space 512K, 0% used [0x00000000eb080000,0x00000000eb080000,0x00000000eb100000)
 ParOldGen       total 415232K, used 184620K [0x00000000c0000000, 0x00000000d9580000, 0x00000000eab00000)
  object space 415232K, 44% used [0x00000000c0000000,0x00000000cb44b0d0,0x00000000d9580000)
 Metaspace       used 63514K, committed 64896K, reserved 1114112K
  class space    used 7055K, committed 7680K, reserved 1048576K
}
Event: 16.186 GC heap after
{Heap after GC invocations=409 (full 3):
 PSYoungGen      total 4608K, used 485K [0x00000000eab00000, 0x00000000eb200000, 0x0000000100000000)
  eden space 4096K, 0% used [0x00000000eab00000,0x00000000eab00000,0x00000000eaf00000)
  from space 512K, 94% used [0x00000000eb080000,0x00000000eb0f9428,0x00000000eb100000)
  to   space 1536K, 0% used [0x00000000eaf00000,0x00000000eaf00000,0x00000000eb080000)
 ParOldGen       total 415232K, used 185444K [0x00000000c0000000, 0x00000000d9580000, 0x00000000eab00000)
  object space 415232K, 44% used [0x00000000c0000000,0x00000000cb5190e0,0x00000000d9580000)
 Metaspace       used 63514K, committed 64896K, reserved 1114112K
  class space    used 7055K, committed 7680K, reserved 1048576K
}
Event: 16.219 GC heap before
{Heap before GC invocations=410 (full 3):
 PSYoungGen      total 4608K, used 4581K [0x00000000eab00000, 0x00000000eb200000, 0x0000000100000000)
  eden space 4096K, 100% used [0x00000000eab00000,0x00000000eaf00000,0x00000000eaf00000)
  from space 512K, 94% used [0x00000000eb080000,0x00000000eb0f9428,0x00000000eb100000)
  to   space 1536K, 0% used [0x00000000eaf00000,0x00000000eaf00000,0x00000000eb080000)
 ParOldGen       total 415232K, used 185444K [0x00000000c0000000, 0x00000000d9580000, 0x00000000eab00000)
  object space 415232K, 44% used [0x00000000c0000000,0x00000000cb5190e0,0x00000000d9580000)
 Metaspace       used 63786K, committed 65152K, reserved 1114112K
  class space    used 7073K, committed 7680K, reserved 1048576K
}
Event: 16.222 GC heap after
{Heap after GC invocations=410 (full 3):
 PSYoungGen      total 4608K, used 443K [0x00000000eab00000, 0x00000000eb100000, 0x0000000100000000)
  eden space 4096K, 0% used [0x00000000eab00000,0x00000000eab00000,0x00000000eaf00000)
  from space 512K, 86% used [0x00000000eaf00000,0x00000000eaf6ec08,0x00000000eaf80000)
  to   space 1024K, 0% used [0x00000000eb000000,0x00000000eb000000,0x00000000eb100000)
 ParOldGen       total 415232K, used 185945K [0x00000000c0000000, 0x00000000d9580000, 0x00000000eab00000)
  object space 415232K, 44% used [0x00000000c0000000,0x00000000cb596508,0x00000000d9580000)
 Metaspace       used 63786K, committed 65152K, reserved 1114112K
  class space    used 7073K, committed 7680K, reserved 1048576K
}
Event: 16.258 GC heap before
{Heap before GC invocations=411 (full 3):
 PSYoungGen      total 4608K, used 4539K [0x00000000eab00000, 0x00000000eb100000, 0x0000000100000000)
  eden space 4096K, 100% used [0x00000000eab00000,0x00000000eaf00000,0x00000000eaf00000)
  from space 512K, 86% used [0x00000000eaf00000,0x00000000eaf6ec08,0x00000000eaf80000)
  to   space 1024K, 0% used [0x00000000eb000000,0x00000000eb000000,0x00000000eb100000)
 ParOldGen       total 415232K, used 185945K [0x00000000c0000000, 0x00000000d9580000, 0x00000000eab00000)
  object space 415232K, 44% used [0x00000000c0000000,0x00000000cb596508,0x00000000d9580000)
 Metaspace       used 64165K, committed 65536K, reserved 1114112K
  class space    used 7112K, committed 7744K, reserved 1048576K
}
Event: 16.259 GC heap after
{Heap after GC invocations=411 (full 3):
 PSYoungGen      total 4608K, used 352K [0x00000000eab00000, 0x00000000eb080000, 0x0000000100000000)
  eden space 4096K, 0% used [0x00000000eab00000,0x00000000eab00000,0x00000000eaf00000)
  from space 512K, 68% used [0x00000000eb000000,0x00000000eb058000,0x00000000eb080000)
  to   space 512K, 0% used [0x00000000eaf00000,0x00000000eaf00000,0x00000000eaf80000)
 ParOldGen       total 415232K, used 186268K [0x00000000c0000000, 0x00000000d9580000, 0x00000000eab00000)
  object space 415232K, 44% used [0x00000000c0000000,0x00000000cb5e7110,0x00000000d9580000)
 Metaspace       used 64165K, committed 65536K, reserved 1114112K
  class space    used 7112K, committed 7744K, reserved 1048576K
}
Event: 16.285 GC heap before
{Heap before GC invocations=412 (full 3):
 PSYoungGen      total 4608K, used 4448K [0x00000000eab00000, 0x00000000eb080000, 0x0000000100000000)
  eden space 4096K, 100% used [0x00000000eab00000,0x00000000eaf00000,0x00000000eaf00000)
  from space 512K, 68% used [0x00000000eb000000,0x00000000eb058000,0x00000000eb080000)
  to   space 512K, 0% used [0x00000000eaf00000,0x00000000eaf00000,0x00000000eaf80000)
 ParOldGen       total 415232K, used 186268K [0x00000000c0000000, 0x00000000d9580000, 0x00000000eab00000)
  object space 415232K, 44% used [0x00000000c0000000,0x00000000cb5e7110,0x00000000d9580000)
 Metaspace       used 64394K, committed 65728K, reserved 1114112K
  class space    used 7135K, committed 7744K, reserved 1048576K
}
Event: 16.286 GC heap after
{Heap after GC invocations=412 (full 3):
 PSYoungGen      total 4608K, used 288K [0x00000000eab00000, 0x00000000eb080000, 0x0000000100000000)
  eden space 4096K, 0% used [0x00000000eab00000,0x00000000eab00000,0x00000000eaf00000)
  from space 512K, 56% used [0x00000000eaf00000,0x00000000eaf48000,0x00000000eaf80000)
  to   space 512K, 0% used [0x00000000eb000000,0x00000000eb000000,0x00000000eb080000)
 ParOldGen       total 415232K, used 186484K [0x00000000c0000000, 0x00000000d9580000, 0x00000000eab00000)
  object space 415232K, 44% used [0x00000000c0000000,0x00000000cb61d110,0x00000000d9580000)
 Metaspace       used 64394K, committed 65728K, reserved 1114112K
  class space    used 7135K, committed 7744K, reserved 1048576K
}
Event: 16.300 GC heap before
{Heap before GC invocations=413 (full 3):
 PSYoungGen      total 4608K, used 4384K [0x00000000eab00000, 0x00000000eb080000, 0x0000000100000000)
  eden space 4096K, 100% used [0x00000000eab00000,0x00000000eaf00000,0x00000000eaf00000)
  from space 512K, 56% used [0x00000000eaf00000,0x00000000eaf48000,0x00000000eaf80000)
  to   space 512K, 0% used [0x00000000eb000000,0x00000000eb000000,0x00000000eb080000)
 ParOldGen       total 415232K, used 186484K [0x00000000c0000000, 0x00000000d9580000, 0x00000000eab00000)
  object space 415232K, 44% used [0x00000000c0000000,0x00000000cb61d110,0x00000000d9580000)
 Metaspace       used 64518K, committed 65856K, reserved 1114112K
  class space    used 7144K, committed 7744K, reserved 1048576K
}
Event: 16.302 GC heap after
{Heap after GC invocations=413 (full 3):
 PSYoungGen      total 4608K, used 483K [0x00000000eab00000, 0x00000000eb100000, 0x0000000100000000)
  eden space 4096K, 0% used [0x00000000eab00000,0x00000000eab00000,0x00000000eaf00000)
  from space 512K, 94% used [0x00000000eb000000,0x00000000eb078dc8,0x00000000eb080000)
  to   space 1024K, 0% used [0x00000000eaf00000,0x00000000eaf00000,0x00000000eb000000)
 ParOldGen       total 415232K, used 189783K [0x00000000c0000000, 0x00000000d9580000, 0x00000000eab00000)
  object space 415232K, 45% used [0x00000000c0000000,0x00000000cb955f18,0x00000000d9580000)
 Metaspace       used 64518K, committed 65856K, reserved 1114112K
  class space    used 7144K, committed 7744K, reserved 1048576K
}
Event: 16.320 GC heap before
{Heap before GC invocations=414 (full 3):
 PSYoungGen      total 4608K, used 4579K [0x00000000eab00000, 0x00000000eb100000, 0x0000000100000000)
  eden space 4096K, 100% used [0x00000000eab00000,0x00000000eaf00000,0x00000000eaf00000)
  from space 512K, 94% used [0x00000000eb000000,0x00000000eb078dc8,0x00000000eb080000)
  to   space 1024K, 0% used [0x00000000eaf00000,0x00000000eaf00000,0x00000000eb000000)
 ParOldGen       total 415232K, used 189783K [0x00000000c0000000, 0x00000000d9580000, 0x00000000eab00000)
  object space 415232K, 45% used [0x00000000c0000000,0x00000000cb955f18,0x00000000d9580000)
 Metaspace       used 64547K, committed 65856K, reserved 1114112K
  class space    used 7146K, committed 7744K, reserved 1048576K
}
Event: 16.321 GC heap after
{Heap after GC invocations=414 (full 3):
 PSYoungGen      total 5120K, used 544K [0x00000000eab00000, 0x00000000eb100000, 0x0000000100000000)
  eden space 4096K, 0% used [0x00000000eab00000,0x00000000eab00000,0x00000000eaf00000)
  from space 1024K, 53% used [0x00000000eaf00000,0x00000000eaf88000,0x00000000eb000000)
  to   space 1024K, 0% used [0x00000000eb000000,0x00000000eb000000,0x00000000eb100000)
 ParOldGen       total 415232K, used 189935K [0x00000000c0000000, 0x00000000d9580000, 0x00000000eab00000)
  object space 415232K, 45% used [0x00000000c0000000,0x00000000cb97bf18,0x00000000d9580000)
 Metaspace       used 64547K, committed 65856K, reserved 1114112K
  class space    used 7146K, committed 7744K, reserved 1048576K
}

