# JRE version: OpenJDK Runtime Environment Temurin-21.0.6+7 (21.0.6+7) (build 21.0.6+7-LTS)
# Java VM: OpenJDK 64-Bit Server VM Temurin-21.0.6+7 (21.0.6+7-LTS, mixed mode, sharing, tiered, compressed oops, compressed class ptrs, parallel gc, windows-amd64)
GC Precious Log:
 CardTable entry size: 512
 CPUs: 12 total, 12 available
 Memory: 16205M
 Large Page Support: Disabled
 NUMA Support: Disabled
 Compressed Oops: Enabled (32-bit)
 Alignments: Space 512K, Generation 512K, Heap 2M
 Heap Min Capacity: 100M
 Heap Initial Capacity: 100M
 Heap Max Capacity: 1G
 Pre-touch: Disabled
 Parallel Workers: 10
Heap:
 PSYoungGen      total 1536K, used 1376K [0x00000000eab00000, 0x00000000ead80000, 0x0000000100000000)
  eden space 1024K, 100% used [0x00000000eab00000,0x00000000eac00000,0x00000000eac00000)
  from space 512K, 68% used [0x00000000ead00000,0x00000000ead583a8,0x00000000ead80000)
  to   space 512K, 99% used [0x00000000eac80000,0x00000000eacffe10,0x00000000ead00000)
 ParOldGen       total 413184K, used 412730K [0x00000000c0000000, 0x00000000d9380000, 0x00000000eab00000)
  object space 413184K, 99% used [0x00000000c0000000,0x00000000d930eaa8,0x00000000d9380000)
 Metaspace       used 72189K, committed 73664K, reserved 1179648K
  class space    used 7868K, committed 8512K, reserved 1048576K
GC Heap History (20 events):
Event: 25.712 GC heap before
{Heap before GC invocations=582 (full 3):
 PSYoungGen      total 1536K, used 1376K [0x00000000eab00000, 0x00000000ead00000, 0x0000000100000000)
  eden space 1024K, 100% used [0x00000000eab00000,0x00000000eac00000,0x00000000eac00000)
  from space 512K, 68% used [0x00000000eac80000,0x00000000eacd8000,0x00000000ead00000)
  to   space 512K, 0% used [0x00000000eac00000,0x00000000eac00000,0x00000000eac80000)
 ParOldGen       total 410112K, used 410030K [0x00000000c0000000, 0x00000000d9080000, 0x00000000eab00000)
  object space 410112K, 99% used [0x00000000c0000000,0x00000000d906b830,0x00000000d9080000)
 Metaspace       used 72075K, committed 73600K, reserved 1179648K
  class space    used 7867K, committed 8512K, reserved 1048576K
}
Event: 25.715 GC heap after
{Heap after GC invocations=582 (full 3):
 PSYoungGen      total 1536K, used 512K [0x00000000eab00000, 0x00000000eae00000, 0x0000000100000000)
  eden space 1024K, 0% used [0x00000000eab00000,0x00000000eab00000,0x00000000eac00000)
  from space 512K, 100% used [0x00000000eac00000,0x00000000eac80000,0x00000000eac80000)
  to   space 1024K, 0% used [0x00000000ead00000,0x00000000ead00000,0x00000000eae00000)
 ParOldGen       total 410624K, used 410243K [0x00000000c0000000, 0x00000000d9100000, 0x00000000eab00000)
  object space 410624K, 99% used [0x00000000c0000000,0x00000000d90a0f68,0x00000000d9100000)
 Metaspace       used 72075K, committed 73600K, reserved 1179648K
  class space    used 7867K, committed 8512K, reserved 1048576K
}
Event: 25.739 GC heap before
{Heap before GC invocations=583 (full 3):
 PSYoungGen      total 1536K, used 1536K [0x00000000eab00000, 0x00000000eae00000, 0x0000000100000000)
  eden space 1024K, 100% used [0x00000000eab00000,0x00000000eac00000,0x00000000eac00000)
  from space 512K, 100% used [0x00000000eac00000,0x00000000eac80000,0x00000000eac80000)
  to   space 1024K, 0% used [0x00000000ead00000,0x00000000ead00000,0x00000000eae00000)
 ParOldGen       total 410624K, used 410243K [0x00000000c0000000, 0x00000000d9100000, 0x00000000eab00000)
  object space 410624K, 99% used [0x00000000c0000000,0x00000000d90a0f68,0x00000000d9100000)
 Metaspace       used 72084K, committed 73600K, reserved 1179648K
  class space    used 7868K, committed 8512K, reserved 1048576K
}
Event: 25.742 GC heap after
{Heap after GC invocations=583 (full 3):
 PSYoungGen      total 2048K, used 544K [0x00000000eab00000, 0x00000000eae00000, 0x0000000100000000)
  eden space 1024K, 0% used [0x00000000eab00000,0x00000000eab00000,0x00000000eac00000)
  from space 1024K, 53% used [0x00000000ead00000,0x00000000ead883a8,0x00000000eae00000)
  to   space 1024K, 0% used [0x00000000eac00000,0x00000000eac00000,0x00000000ead00000)
 ParOldGen       total 411136K, used 410795K [0x00000000c0000000, 0x00000000d9180000, 0x00000000eab00000)
  object space 411136K, 99% used [0x00000000c0000000,0x00000000d912af78,0x00000000d9180000)
 Metaspace       used 72084K, committed 73600K, reserved 1179648K
  class space    used 7868K, committed 8512K, reserved 1048576K
}
Event: 25.783 GC heap before
{Heap before GC invocations=584 (full 3):
 PSYoungGen      total 2048K, used 1568K [0x00000000eab00000, 0x00000000eae00000, 0x0000000100000000)
  eden space 1024K, 100% used [0x00000000eab00000,0x00000000eac00000,0x00000000eac00000)
  from space 1024K, 53% used [0x00000000ead00000,0x00000000ead883a8,0x00000000eae00000)
  to   space 1024K, 0% used [0x00000000eac00000,0x00000000eac00000,0x00000000ead00000)
 ParOldGen       total 411136K, used 410795K [0x00000000c0000000, 0x00000000d9180000, 0x00000000eab00000)
  object space 411136K, 99% used [0x00000000c0000000,0x00000000d912af78,0x00000000d9180000)
 Metaspace       used 72098K, committed 73600K, reserved 1179648K
  class space    used 7868K, committed 8512K, reserved 1048576K
}
Event: 25.785 GC heap after
{Heap after GC invocations=584 (full 3):
 PSYoungGen      total 2048K, used 480K [0x00000000eab00000, 0x00000000eae00000, 0x0000000100000000)
  eden space 1024K, 0% used [0x00000000eab00000,0x00000000eab00000,0x00000000eac00000)
  from space 1024K, 46% used [0x00000000eac00000,0x00000000eac78000,0x00000000ead00000)
  to   space 1024K, 0% used [0x00000000ead00000,0x00000000ead00000,0x00000000eae00000)
 ParOldGen       total 411648K, used 411204K [0x00000000c0000000, 0x00000000d9200000, 0x00000000eab00000)
  object space 411648K, 99% used [0x00000000c0000000,0x00000000d9191238,0x00000000d9200000)
 Metaspace       used 72098K, committed 73600K, reserved 1179648K
  class space    used 7868K, committed 8512K, reserved 1048576K
}
Event: 25.847 GC heap before
{Heap before GC invocations=585 (full 3):
 PSYoungGen      total 2048K, used 1504K [0x00000000eab00000, 0x00000000eae00000, 0x0000000100000000)
  eden space 1024K, 100% used [0x00000000eab00000,0x00000000eac00000,0x00000000eac00000)
  from space 1024K, 46% used [0x00000000eac00000,0x00000000eac78000,0x00000000ead00000)
  to   space 1024K, 0% used [0x00000000ead00000,0x00000000ead00000,0x00000000eae00000)
 ParOldGen       total 411648K, used 411204K [0x00000000c0000000, 0x00000000d9200000, 0x00000000eab00000)
  object space 411648K, 99% used [0x00000000c0000000,0x00000000d9191238,0x00000000d9200000)
 Metaspace       used 72132K, committed 73664K, reserved 1179648K
  class space    used 7868K, committed 8512K, reserved 1048576K
}
Event: 25.850 GC heap after
{Heap after GC invocations=585 (full 3):
 PSYoungGen      total 1536K, used 379K [0x00000000eab00000, 0x00000000ead80000, 0x0000000100000000)
  eden space 1024K, 0% used [0x00000000eab00000,0x00000000eab00000,0x00000000eac00000)
  from space 512K, 74% used [0x00000000ead00000,0x00000000ead5ec08,0x00000000ead80000)
  to   space 512K, 0% used [0x00000000eac80000,0x00000000eac80000,0x00000000ead00000)
 ParOldGen       total 411648K, used 411474K [0x00000000c0000000, 0x00000000d9200000, 0x00000000eab00000)
  object space 411648K, 99% used [0x00000000c0000000,0x00000000d91d49b0,0x00000000d9200000)
 Metaspace       used 72132K, committed 73664K, reserved 1179648K
  class space    used 7868K, committed 8512K, reserved 1048576K
}
Event: 25.918 GC heap before
{Heap before GC invocations=586 (full 3):
 PSYoungGen      total 1536K, used 1402K [0x00000000eab00000, 0x00000000ead80000, 0x0000000100000000)
  eden space 1024K, 99% used [0x00000000eab00000,0x00000000eabffff0,0x00000000eac00000)
  from space 512K, 74% used [0x00000000ead00000,0x00000000ead5ec08,0x00000000ead80000)
  to   space 512K, 0% used [0x00000000eac80000,0x00000000eac80000,0x00000000ead00000)
 ParOldGen       total 411648K, used 411474K [0x00000000c0000000, 0x00000000d9200000, 0x00000000eab00000)
  object space 411648K, 99% used [0x00000000c0000000,0x00000000d91d49b0,0x00000000d9200000)
 Metaspace       used 72152K, committed 73664K, reserved 1179648K
  class space    used 7868K, committed 8512K, reserved 1048576K
}
Event: 25.920 GC heap after
{Heap after GC invocations=586 (full 3):
 PSYoungGen      total 1536K, used 224K [0x00000000eab00000, 0x00000000ead80000, 0x0000000100000000)
  eden space 1024K, 0% used [0x00000000eab00000,0x00000000eab00000,0x00000000eac00000)
  from space 512K, 43% used [0x00000000eac80000,0x00000000eacb8000,0x00000000ead00000)
  to   space 512K, 0% used [0x00000000ead00000,0x00000000ead00000,0x00000000ead80000)
 ParOldGen       total 411648K, used 411629K [0x00000000c0000000, 0x00000000d9200000, 0x00000000eab00000)
  object space 411648K, 99% used [0x00000000c0000000,0x00000000d91fb5b8,0x00000000d9200000)
 Metaspace       used 72152K, committed 73664K, reserved 1179648K
  class space    used 7868K, committed 8512K, reserved 1048576K
}
Event: 25.964 GC heap before
{Heap before GC invocations=587 (full 3):
 PSYoungGen      total 1536K, used 1231K [0x00000000eab00000, 0x00000000ead80000, 0x0000000100000000)
  eden space 1024K, 98% used [0x00000000eab00000,0x00000000eabfbc68,0x00000000eac00000)
  from space 512K, 43% used [0x00000000eac80000,0x00000000eacb8000,0x00000000ead00000)
  to   space 512K, 0% used [0x00000000ead00000,0x00000000ead00000,0x00000000ead80000)
 ParOldGen       total 411648K, used 411629K [0x00000000c0000000, 0x00000000d9200000, 0x00000000eab00000)
  object space 411648K, 99% used [0x00000000c0000000,0x00000000d91fb5b8,0x00000000d9200000)
 Metaspace       used 72159K, committed 73664K, reserved 1179648K
  class space    used 7868K, committed 8512K, reserved 1048576K
}
Event: 25.966 GC heap after
{Heap after GC invocations=587 (full 3):
 PSYoungGen      total 1536K, used 509K [0x00000000eab00000, 0x00000000eae00000, 0x0000000100000000)
  eden space 1024K, 0% used [0x00000000eab00000,0x00000000eab00000,0x00000000eac00000)
  from space 512K, 99% used [0x00000000ead00000,0x00000000ead7f450,0x00000000ead80000)
  to   space 1024K, 0% used [0x00000000eac00000,0x00000000eac00000,0x00000000ead00000)
 ParOldGen       total 412160K, used 411733K [0x00000000c0000000, 0x00000000d9280000, 0x00000000eab00000)
  object space 412160K, 99% used [0x00000000c0000000,0x00000000d92155b8,0x00000000d9280000)
 Metaspace       used 72159K, committed 73664K, reserved 1179648K
  class space    used 7868K, committed 8512K, reserved 1048576K
}
Event: 26.024 GC heap before
{Heap before GC invocations=588 (full 3):
 PSYoungGen      total 1536K, used 1533K [0x00000000eab00000, 0x00000000eae00000, 0x0000000100000000)
  eden space 1024K, 100% used [0x00000000eab00000,0x00000000eac00000,0x00000000eac00000)
  from space 512K, 99% used [0x00000000ead00000,0x00000000ead7f450,0x00000000ead80000)
  to   space 1024K, 0% used [0x00000000eac00000,0x00000000eac00000,0x00000000ead00000)
 ParOldGen       total 412160K, used 411733K [0x00000000c0000000, 0x00000000d9280000, 0x00000000eab00000)
  object space 412160K, 99% used [0x00000000c0000000,0x00000000d92155b8,0x00000000d9280000)
 Metaspace       used 72175K, committed 73664K, reserved 1179648K
  class space    used 7868K, committed 8512K, reserved 1048576K
}
Event: 26.025 GC heap after
{Heap after GC invocations=588 (full 3):
 PSYoungGen      total 2048K, used 627K [0x00000000eab00000, 0x00000000eae00000, 0x0000000100000000)
  eden space 1024K, 0% used [0x00000000eab00000,0x00000000eab00000,0x00000000eac00000)
  from space 1024K, 61% used [0x00000000eac00000,0x00000000eac9cee8,0x00000000ead00000)
  to   space 1024K, 0% used [0x00000000ead00000,0x00000000ead00000,0x00000000eae00000)
 ParOldGen       total 412160K, used 411844K [0x00000000c0000000, 0x00000000d9280000, 0x00000000eab00000)
  object space 412160K, 99% used [0x00000000c0000000,0x00000000d9231120,0x00000000d9280000)
 Metaspace       used 72175K, committed 73664K, reserved 1179648K
  class space    used 7868K, committed 8512K, reserved 1048576K
}
Event: 26.092 GC heap before
{Heap before GC invocations=589 (full 3):
 PSYoungGen      total 2048K, used 1651K [0x00000000eab00000, 0x00000000eae00000, 0x0000000100000000)
  eden space 1024K, 99% used [0x00000000eab00000,0x00000000eabffff0,0x00000000eac00000)
  from space 1024K, 61% used [0x00000000eac00000,0x00000000eac9cee8,0x00000000ead00000)
  to   space 1024K, 0% used [0x00000000ead00000,0x00000000ead00000,0x00000000eae00000)
 ParOldGen       total 412160K, used 411844K [0x00000000c0000000, 0x00000000d9280000, 0x00000000eab00000)
  object space 412160K, 99% used [0x00000000c0000000,0x00000000d9231120,0x00000000d9280000)
 Metaspace       used 72178K, committed 73664K, reserved 1179648K
  class space    used 7868K, committed 8512K, reserved 1048576K
}
Event: 26.094 GC heap after
{Heap after GC invocations=589 (full 3):
 PSYoungGen      total 1536K, used 374K [0x00000000eab00000, 0x00000000ead80000, 0x0000000100000000)
  eden space 1024K, 0% used [0x00000000eab00000,0x00000000eab00000,0x00000000eac00000)
  from space 512K, 73% used [0x00000000ead00000,0x00000000ead5d808,0x00000000ead80000)
  to   space 512K, 0% used [0x00000000eac80000,0x00000000eac80000,0x00000000ead00000)
 ParOldGen       total 412672K, used 412396K [0x00000000c0000000, 0x00000000d9300000, 0x00000000eab00000)
  object space 412672K, 99% used [0x00000000c0000000,0x00000000d92bb2a0,0x00000000d9300000)
 Metaspace       used 72178K, committed 73664K, reserved 1179648K
  class space    used 7868K, committed 8512K, reserved 1048576K
}
Event: 26.121 GC heap before
{Heap before GC invocations=590 (full 3):
 PSYoungGen      total 1536K, used 1371K [0x00000000eab00000, 0x00000000ead80000, 0x0000000100000000)
  eden space 1024K, 97% used [0x00000000eab00000,0x00000000eabf9500,0x00000000eac00000)
  from space 512K, 73% used [0x00000000ead00000,0x00000000ead5d808,0x00000000ead80000)
  to   space 512K, 0% used [0x00000000eac80000,0x00000000eac80000,0x00000000ead00000)
 ParOldGen       total 412672K, used 412396K [0x00000000c0000000, 0x00000000d9300000, 0x00000000eab00000)
  object space 412672K, 99% used [0x00000000c0000000,0x00000000d92bb2a0,0x00000000d9300000)
 Metaspace       used 72178K, committed 73664K, reserved 1179648K
  class space    used 7868K, committed 8512K, reserved 1048576K
}
Event: 26.123 GC heap after
{Heap after GC invocations=590 (full 3):
 PSYoungGen      total 1536K, used 509K [0x00000000eab00000, 0x00000000eae00000, 0x0000000100000000)
  eden space 1024K, 0% used [0x00000000eab00000,0x00000000eab00000,0x00000000eac00000)
  from space 512K, 99% used [0x00000000eac80000,0x00000000eacff608,0x00000000ead00000)
  to   space 1024K, 0% used [0x00000000ead00000,0x00000000ead00000,0x00000000eae00000)
 ParOldGen       total 412672K, used 412570K [0x00000000c0000000, 0x00000000d9300000, 0x00000000eab00000)
  object space 412672K, 99% used [0x00000000c0000000,0x00000000d92e6aa8,0x00000000d9300000)
 Metaspace       used 72178K, committed 73664K, reserved 1179648K
  class space    used 7868K, committed 8512K, reserved 1048576K
}
Event: 26.178 GC heap before
{Heap before GC invocations=591 (full 3):
 PSYoungGen      total 1536K, used 1533K [0x00000000eab00000, 0x00000000eae00000, 0x0000000100000000)
  eden space 1024K, 100% used [0x00000000eab00000,0x00000000eac00000,0x00000000eac00000)
  from space 512K, 99% used [0x00000000eac80000,0x00000000eacff608,0x00000000ead00000)
  to   space 1024K, 0% used [0x00000000ead00000,0x00000000ead00000,0x00000000eae00000)
 ParOldGen       total 412672K, used 412570K [0x00000000c0000000, 0x00000000d9300000, 0x00000000eab00000)
  object space 412672K, 99% used [0x00000000c0000000,0x00000000d92e6aa8,0x00000000d9300000)
 Metaspace       used 72183K, committed 73664K, reserved 1179648K
  class space    used 7868K, committed 8512K, reserved 1048576K
}
Event: 26.180 GC heap after
{Heap after GC invocations=591 (full 3):
 PSYoungGen      total 1536K, used 352K [0x00000000eab00000, 0x00000000ead80000, 0x0000000100000000)
  eden space 1024K, 0% used [0x00000000eab00000,0x00000000eab00000,0x00000000eac00000)
  from space 512K, 68% used [0x00000000ead00000,0x00000000ead583a8,0x00000000ead80000)
  to   space 512K, 0% used [0x00000000eac80000,0x00000000eac80000,0x00000000ead00000)
 ParOldGen       total 412672K, used 412642K [0x00000000c0000000, 0x00000000d9300000, 0x00000000eab00000)
  object space 412672K, 99% used [0x00000000c0000000,0x00000000d92f8aa8,0x00000000d9300000)
 Metaspace       used 72183K, committed 73664K, reserved 1179648K
  class space    used 7868K, committed 8512K, reserved 1048576K
}

