# JRE version: OpenJDK Runtime Environment Temurin-21.0.6+7 (21.0.6+7) (build 21.0.6+7-LTS)
# Java VM: OpenJDK 64-Bit Server VM Temurin-21.0.6+7 (21.0.6+7-LTS, mixed mode, sharing, tiered, compressed oops, compressed class ptrs, parallel gc, windows-amd64)
GC Precious Log:
 CardTable entry size: 512
 CPUs: 12 total, 12 available
 Memory: 16205M
 Large Page Support: Disabled
 NUMA Support: Disabled
 Compressed Oops: Enabled (32-bit)
 Alignments: Space 512K, Generation 512K, Heap 2M
 Heap Min Capacity: 100M
 Heap Initial Capacity: 100M
 Heap Max Capacity: 1G
 Pre-touch: Disabled
 Parallel Workers: 10
Heap:
 PSYoungGen      total 20992K, used 16399K [0x00000000eab00000, 0x00000000ec200000, 0x0000000100000000)
  eden space 19968K, 77% used [0x00000000eab00000,0x00000000eba0bec8,0x00000000ebe80000)
  from space 1024K, 96% used [0x00000000ec100000,0x00000000ec1f8020,0x00000000ec200000)
  to   space 1536K, 0% used [0x00000000ebf00000,0x00000000ebf00000,0x00000000ec080000)
 ParOldGen       total 68608K, used 30133K [0x00000000c0000000, 0x00000000c4300000, 0x00000000eab00000)
  object space 68608K, 43% used [0x00000000c0000000,0x00000000c1d6d608,0x00000000c4300000)
 Metaspace       used 37108K, committed 38080K, reserved 1114112K
  class space    used 3597K, committed 4032K, reserved 1048576K
GC Heap History (20 events):
Event: 6.670 GC heap before
{Heap before GC invocations=11 (full 1):
 PSYoungGen      total 28160K, used 28034K [0x00000000eab00000, 0x00000000ecb00000, 0x0000000100000000)
  eden space 23552K, 100% used [0x00000000eab00000,0x00000000ec200000,0x00000000ec200000)
  from space 4608K, 97% used [0x00000000ec280000,0x00000000ec6e0a30,0x00000000ec700000)
  to   space 4096K, 0% used [0x00000000ec700000,0x00000000ec700000,0x00000000ecb00000)
 ParOldGen       total 68608K, used 12129K [0x00000000c0000000, 0x00000000c4300000, 0x00000000eab00000)
  object space 68608K, 17% used [0x00000000c0000000,0x00000000c0bd87e0,0x00000000c4300000)
 Metaspace       used 31207K, committed 32128K, reserved 1114112K
  class space    used 3024K, committed 3456K, reserved 1048576K
}
Event: 6.675 GC heap after
{Heap after GC invocations=11 (full 1):
 PSYoungGen      total 25600K, used 4076K [0x00000000eab00000, 0x00000000ecf80000, 0x0000000100000000)
  eden space 21504K, 0% used [0x00000000eab00000,0x00000000eab00000,0x00000000ec000000)
  from space 4096K, 99% used [0x00000000ec700000,0x00000000ecafb3c8,0x00000000ecb00000)
  to   space 7168K, 0% used [0x00000000ec000000,0x00000000ec000000,0x00000000ec700000)
 ParOldGen       total 68608K, used 14702K [0x00000000c0000000, 0x00000000c4300000, 0x00000000eab00000)
  object space 68608K, 21% used [0x00000000c0000000,0x00000000c0e5ba30,0x00000000c4300000)
 Metaspace       used 31207K, committed 32128K, reserved 1114112K
  class space    used 3024K, committed 3456K, reserved 1048576K
}
Event: 6.855 GC heap before
{Heap before GC invocations=12 (full 1):
 PSYoungGen      total 25600K, used 25580K [0x00000000eab00000, 0x00000000ecf80000, 0x0000000100000000)
  eden space 21504K, 100% used [0x00000000eab00000,0x00000000ec000000,0x00000000ec000000)
  from space 4096K, 99% used [0x00000000ec700000,0x00000000ecafb3c8,0x00000000ecb00000)
  to   space 7168K, 0% used [0x00000000ec000000,0x00000000ec000000,0x00000000ec700000)
 ParOldGen       total 68608K, used 14702K [0x00000000c0000000, 0x00000000c4300000, 0x00000000eab00000)
  object space 68608K, 21% used [0x00000000c0000000,0x00000000c0e5ba30,0x00000000c4300000)
 Metaspace       used 31613K, committed 32576K, reserved 1114112K
  class space    used 3084K, committed 3520K, reserved 1048576K
}
Event: 6.862 GC heap after
{Heap after GC invocations=12 (full 1):
 PSYoungGen      total 24064K, used 2481K [0x00000000eab00000, 0x00000000ec800000, 0x0000000100000000)
  eden space 21504K, 0% used [0x00000000eab00000,0x00000000eab00000,0x00000000ec000000)
  from space 2560K, 96% used [0x00000000ec000000,0x00000000ec26c410,0x00000000ec280000)
  to   space 4096K, 0% used [0x00000000ec400000,0x00000000ec400000,0x00000000ec800000)
 ParOldGen       total 68608K, used 18697K [0x00000000c0000000, 0x00000000c4300000, 0x00000000eab00000)
  object space 68608K, 27% used [0x00000000c0000000,0x00000000c1242478,0x00000000c4300000)
 Metaspace       used 31613K, committed 32576K, reserved 1114112K
  class space    used 3084K, committed 3520K, reserved 1048576K
}
Event: 6.985 GC heap before
{Heap before GC invocations=13 (full 1):
 PSYoungGen      total 24064K, used 23985K [0x00000000eab00000, 0x00000000ec800000, 0x0000000100000000)
  eden space 21504K, 100% used [0x00000000eab00000,0x00000000ec000000,0x00000000ec000000)
  from space 2560K, 96% used [0x00000000ec000000,0x00000000ec26c410,0x00000000ec280000)
  to   space 4096K, 0% used [0x00000000ec400000,0x00000000ec400000,0x00000000ec800000)
 ParOldGen       total 68608K, used 18697K [0x00000000c0000000, 0x00000000c4300000, 0x00000000eab00000)
  object space 68608K, 27% used [0x00000000c0000000,0x00000000c1242478,0x00000000c4300000)
 Metaspace       used 31623K, committed 32576K, reserved 1114112K
  class space    used 3084K, committed 3520K, reserved 1048576K
}
Event: 6.989 GC heap after
{Heap after GC invocations=13 (full 1):
 PSYoungGen      total 24576K, used 2594K [0x00000000eab00000, 0x00000000ec700000, 0x0000000100000000)
  eden space 21504K, 0% used [0x00000000eab00000,0x00000000eab00000,0x00000000ec000000)
  from space 3072K, 84% used [0x00000000ec400000,0x00000000ec688810,0x00000000ec700000)
  to   space 3072K, 0% used [0x00000000ec100000,0x00000000ec100000,0x00000000ec400000)
 ParOldGen       total 68608K, used 20980K [0x00000000c0000000, 0x00000000c4300000, 0x00000000eab00000)
  object space 68608K, 30% used [0x00000000c0000000,0x00000000c147d158,0x00000000c4300000)
 Metaspace       used 31623K, committed 32576K, reserved 1114112K
  class space    used 3084K, committed 3520K, reserved 1048576K
}
Event: 7.057 GC heap before
{Heap before GC invocations=14 (full 1):
 PSYoungGen      total 24576K, used 24098K [0x00000000eab00000, 0x00000000ec700000, 0x0000000100000000)
  eden space 21504K, 100% used [0x00000000eab00000,0x00000000ec000000,0x00000000ec000000)
  from space 3072K, 84% used [0x00000000ec400000,0x00000000ec688810,0x00000000ec700000)
  to   space 3072K, 0% used [0x00000000ec100000,0x00000000ec100000,0x00000000ec400000)
 ParOldGen       total 68608K, used 20980K [0x00000000c0000000, 0x00000000c4300000, 0x00000000eab00000)
  object space 68608K, 30% used [0x00000000c0000000,0x00000000c147d158,0x00000000c4300000)
 Metaspace       used 31637K, committed 32576K, reserved 1114112K
  class space    used 3084K, committed 3520K, reserved 1048576K
}
Event: 7.061 GC heap after
{Heap after GC invocations=14 (full 1):
 PSYoungGen      total 24064K, used 2436K [0x00000000eab00000, 0x00000000ec500000, 0x0000000100000000)
  eden space 21504K, 0% used [0x00000000eab00000,0x00000000eab00000,0x00000000ec000000)
  from space 2560K, 95% used [0x00000000ec100000,0x00000000ec361000,0x00000000ec380000)
  to   space 1536K, 0% used [0x00000000ec380000,0x00000000ec380000,0x00000000ec500000)
 ParOldGen       total 68608K, used 23324K [0x00000000c0000000, 0x00000000c4300000, 0x00000000eab00000)
  object space 68608K, 33% used [0x00000000c0000000,0x00000000c16c7168,0x00000000c4300000)
 Metaspace       used 31637K, committed 32576K, reserved 1114112K
  class space    used 3084K, committed 3520K, reserved 1048576K
}
Event: 7.159 GC heap before
{Heap before GC invocations=15 (full 1):
 PSYoungGen      total 24064K, used 23940K [0x00000000eab00000, 0x00000000ec500000, 0x0000000100000000)
  eden space 21504K, 100% used [0x00000000eab00000,0x00000000ec000000,0x00000000ec000000)
  from space 2560K, 95% used [0x00000000ec100000,0x00000000ec361000,0x00000000ec380000)
  to   space 1536K, 0% used [0x00000000ec380000,0x00000000ec380000,0x00000000ec500000)
 ParOldGen       total 68608K, used 23324K [0x00000000c0000000, 0x00000000c4300000, 0x00000000eab00000)
  object space 68608K, 33% used [0x00000000c0000000,0x00000000c16c7168,0x00000000c4300000)
 Metaspace       used 31668K, committed 32576K, reserved 1114112K
  class space    used 3085K, committed 3520K, reserved 1048576K
}
Event: 7.164 GC heap after
{Heap after GC invocations=15 (full 1):
 PSYoungGen      total 21504K, used 1504K [0x00000000eab00000, 0x00000000eca00000, 0x0000000100000000)
  eden space 19968K, 0% used [0x00000000eab00000,0x00000000eab00000,0x00000000ebe80000)
  from space 1536K, 97% used [0x00000000ec380000,0x00000000ec4f8010,0x00000000ec500000)
  to   space 5120K, 0% used [0x00000000ebe80000,0x00000000ebe80000,0x00000000ec380000)
 ParOldGen       total 68608K, used 26388K [0x00000000c0000000, 0x00000000c4300000, 0x00000000eab00000)
  object space 68608K, 38% used [0x00000000c0000000,0x00000000c19c5268,0x00000000c4300000)
 Metaspace       used 31668K, committed 32576K, reserved 1114112K
  class space    used 3085K, committed 3520K, reserved 1048576K
}
Event: 7.469 GC heap before
{Heap before GC invocations=16 (full 1):
 PSYoungGen      total 21504K, used 21457K [0x00000000eab00000, 0x00000000eca00000, 0x0000000100000000)
  eden space 19968K, 99% used [0x00000000eab00000,0x00000000ebe7c588,0x00000000ebe80000)
  from space 1536K, 97% used [0x00000000ec380000,0x00000000ec4f8010,0x00000000ec500000)
  to   space 5120K, 0% used [0x00000000ebe80000,0x00000000ebe80000,0x00000000ec380000)
 ParOldGen       total 68608K, used 26388K [0x00000000c0000000, 0x00000000c4300000, 0x00000000eab00000)
  object space 68608K, 38% used [0x00000000c0000000,0x00000000c19c5268,0x00000000c4300000)
 Metaspace       used 32555K, committed 33472K, reserved 1114112K
  class space    used 3155K, committed 3584K, reserved 1048576K
}
Event: 7.474 GC heap after
{Heap after GC invocations=16 (full 1):
 PSYoungGen      total 22528K, used 2205K [0x00000000eab00000, 0x00000000ec480000, 0x0000000100000000)
  eden space 19968K, 0% used [0x00000000eab00000,0x00000000eab00000,0x00000000ebe80000)
  from space 2560K, 86% used [0x00000000ebe80000,0x00000000ec0a7530,0x00000000ec100000)
  to   space 3072K, 0% used [0x00000000ec180000,0x00000000ec180000,0x00000000ec480000)
 ParOldGen       total 68608K, used 27932K [0x00000000c0000000, 0x00000000c4300000, 0x00000000eab00000)
  object space 68608K, 40% used [0x00000000c0000000,0x00000000c1b47278,0x00000000c4300000)
 Metaspace       used 32555K, committed 33472K, reserved 1114112K
  class space    used 3155K, committed 3584K, reserved 1048576K
}
Event: 8.309 GC heap before
{Heap before GC invocations=17 (full 1):
 PSYoungGen      total 22528K, used 22173K [0x00000000eab00000, 0x00000000ec480000, 0x0000000100000000)
  eden space 19968K, 100% used [0x00000000eab00000,0x00000000ebe80000,0x00000000ebe80000)
  from space 2560K, 86% used [0x00000000ebe80000,0x00000000ec0a7530,0x00000000ec100000)
  to   space 3072K, 0% used [0x00000000ec180000,0x00000000ec180000,0x00000000ec480000)
 ParOldGen       total 68608K, used 27932K [0x00000000c0000000, 0x00000000c4300000, 0x00000000eab00000)
  object space 68608K, 40% used [0x00000000c0000000,0x00000000c1b47278,0x00000000c4300000)
 Metaspace       used 34377K, committed 35264K, reserved 1114112K
  class space    used 3370K, committed 3776K, reserved 1048576K
}
Event: 8.318 GC heap after
{Heap after GC invocations=17 (full 1):
 PSYoungGen      total 20992K, used 984K [0x00000000eab00000, 0x00000000ec280000, 0x0000000100000000)
  eden space 19968K, 0% used [0x00000000eab00000,0x00000000eab00000,0x00000000ebe80000)
  from space 1024K, 96% used [0x00000000ec180000,0x00000000ec276230,0x00000000ec280000)
  to   space 2048K, 0% used [0x00000000ebe80000,0x00000000ebe80000,0x00000000ec080000)
 ParOldGen       total 68608K, used 29781K [0x00000000c0000000, 0x00000000c4300000, 0x00000000eab00000)
  object space 68608K, 43% used [0x00000000c0000000,0x00000000c1d154b0,0x00000000c4300000)
 Metaspace       used 34377K, committed 35264K, reserved 1114112K
  class space    used 3370K, committed 3776K, reserved 1048576K
}
Event: 8.748 GC heap before
{Heap before GC invocations=18 (full 1):
 PSYoungGen      total 20992K, used 12268K [0x00000000eab00000, 0x00000000ec280000, 0x0000000100000000)
  eden space 19968K, 56% used [0x00000000eab00000,0x00000000eb605028,0x00000000ebe80000)
  from space 1024K, 96% used [0x00000000ec180000,0x00000000ec276230,0x00000000ec280000)
  to   space 2048K, 0% used [0x00000000ebe80000,0x00000000ebe80000,0x00000000ec080000)
 ParOldGen       total 68608K, used 29781K [0x00000000c0000000, 0x00000000c4300000, 0x00000000eab00000)
  object space 68608K, 43% used [0x00000000c0000000,0x00000000c1d154b0,0x00000000c4300000)
 Metaspace       used 34954K, committed 35840K, reserved 1114112K
  class space    used 3429K, committed 3840K, reserved 1048576K
}
Event: 8.753 GC heap after
{Heap after GC invocations=18 (full 1):
 PSYoungGen      total 22016K, used 384K [0x00000000eab00000, 0x00000000ec200000, 0x0000000100000000)
  eden space 19968K, 0% used [0x00000000eab00000,0x00000000eab00000,0x00000000ebe80000)
  from space 2048K, 18% used [0x00000000ebe80000,0x00000000ebee0010,0x00000000ec080000)
  to   space 1024K, 0% used [0x00000000ec100000,0x00000000ec100000,0x00000000ec200000)
 ParOldGen       total 68608K, used 30636K [0x00000000c0000000, 0x00000000c4300000, 0x00000000eab00000)
  object space 68608K, 44% used [0x00000000c0000000,0x00000000c1deb068,0x00000000c4300000)
 Metaspace       used 34954K, committed 35840K, reserved 1114112K
  class space    used 3429K, committed 3840K, reserved 1048576K
}
Event: 8.753 GC heap before
{Heap before GC invocations=19 (full 2):
 PSYoungGen      total 22016K, used 384K [0x00000000eab00000, 0x00000000ec200000, 0x0000000100000000)
  eden space 19968K, 0% used [0x00000000eab00000,0x00000000eab00000,0x00000000ebe80000)
  from space 2048K, 18% used [0x00000000ebe80000,0x00000000ebee0010,0x00000000ec080000)
  to   space 1024K, 0% used [0x00000000ec100000,0x00000000ec100000,0x00000000ec200000)
 ParOldGen       total 68608K, used 30636K [0x00000000c0000000, 0x00000000c4300000, 0x00000000eab00000)
  object space 68608K, 44% used [0x00000000c0000000,0x00000000c1deb068,0x00000000c4300000)
 Metaspace       used 34954K, committed 35840K, reserved 1114112K
  class space    used 3429K, committed 3840K, reserved 1048576K
}
Event: 8.819 GC heap after
{Heap after GC invocations=19 (full 2):
 PSYoungGen      total 22016K, used 0K [0x00000000eab00000, 0x00000000ec200000, 0x0000000100000000)
  eden space 19968K, 0% used [0x00000000eab00000,0x00000000eab00000,0x00000000ebe80000)
  from space 2048K, 0% used [0x00000000ebe80000,0x00000000ebe80000,0x00000000ec080000)
  to   space 1024K, 0% used [0x00000000ec100000,0x00000000ec100000,0x00000000ec200000)
 ParOldGen       total 68608K, used 29909K [0x00000000c0000000, 0x00000000c4300000, 0x00000000eab00000)
  object space 68608K, 43% used [0x00000000c0000000,0x00000000c1d35608,0x00000000c4300000)
 Metaspace       used 34954K, committed 35840K, reserved 1114112K
  class space    used 3429K, committed 3840K, reserved 1048576K
}
Event: 9.567 GC heap before
{Heap before GC invocations=20 (full 2):
 PSYoungGen      total 22016K, used 19968K [0x00000000eab00000, 0x00000000ec200000, 0x0000000100000000)
  eden space 19968K, 100% used [0x00000000eab00000,0x00000000ebe80000,0x00000000ebe80000)
  from space 2048K, 0% used [0x00000000ebe80000,0x00000000ebe80000,0x00000000ec080000)
  to   space 1024K, 0% used [0x00000000ec100000,0x00000000ec100000,0x00000000ec200000)
 ParOldGen       total 68608K, used 29909K [0x00000000c0000000, 0x00000000c4300000, 0x00000000eab00000)
  object space 68608K, 43% used [0x00000000c0000000,0x00000000c1d35608,0x00000000c4300000)
 Metaspace       used 36715K, committed 37568K, reserved 1114112K
  class space    used 3581K, committed 3968K, reserved 1048576K
}
Event: 9.569 GC heap after
{Heap after GC invocations=20 (full 2):
 PSYoungGen      total 20992K, used 992K [0x00000000eab00000, 0x00000000ec200000, 0x0000000100000000)
  eden space 19968K, 0% used [0x00000000eab00000,0x00000000eab00000,0x00000000ebe80000)
  from space 1024K, 96% used [0x00000000ec100000,0x00000000ec1f8020,0x00000000ec200000)
  to   space 1536K, 0% used [0x00000000ebf00000,0x00000000ebf00000,0x00000000ec080000)
 ParOldGen       total 68608K, used 30133K [0x00000000c0000000, 0x00000000c4300000, 0x00000000eab00000)
  object space 68608K, 43% used [0x00000000c0000000,0x00000000c1d6d608,0x00000000c4300000)
 Metaspace       used 36715K, committed 37568K, reserved 1114112K
  class space    used 3581K, committed 3968K, reserved 1048576K
}

