# JRE version: OpenJDK Runtime Environment Temurin-21.0.6+7 (21.0.6+7) (build 21.0.6+7-LTS)
# Java VM: OpenJDK 64-Bit Server VM Temurin-21.0.6+7 (21.0.6+7-LTS, mixed mode, sharing, tiered, compressed oops, compressed class ptrs, parallel gc, windows-amd64)
GC Precious Log:
 CardTable entry size: 512
 CPUs: 12 total, 12 available
 Memory: 16205M
 Large Page Support: Disabled
 NUMA Support: Disabled
 Compressed Oops: Enabled (32-bit)
 Alignments: Space 512K, Generation 512K, Heap 2M
 Heap Min Capacity: 100M
 Heap Initial Capacity: 100M
 Heap Max Capacity: 1G
 Pre-touch: Disabled
 Parallel Workers: 10
Heap:
 PSYoungGen      total 36352K, used 24228K [0x00000000eab00000, 0x00000000ed100000, 0x0000000100000000)
  eden space 33280K, 72% used [0x00000000eab00000,0x00000000ec2a92d8,0x00000000ecb80000)
  from space 3072K, 0% used [0x00000000ecc80000,0x00000000ecc80000,0x00000000ecf80000)
  to   space 1536K, 0% used [0x00000000ecf80000,0x00000000ecf80000,0x00000000ed100000)
 ParOldGen       total 68608K, used 18216K [0x00000000c0000000, 0x00000000c4300000, 0x00000000eab00000)
  object space 68608K, 26% used [0x00000000c0000000,0x00000000c11ca148,0x00000000c4300000)
 Metaspace       used 22207K, committed 23040K, reserved 1114112K
  class space    used 2180K, committed 2496K, reserved 1048576K
GC Heap History (20 events):
Event: 4.386 GC heap before
{Heap before GC invocations=9 (full 0):
 PSYoungGen      total 26624K, used 26052K [0x00000000eab00000, 0x00000000ecc80000, 0x0000000100000000)
  eden space 22016K, 99% used [0x00000000eab00000,0x00000000ec06f760,0x00000000ec080000)
  from space 4608K, 89% used [0x00000000ec800000,0x00000000ecc01b88,0x00000000ecc80000)
  to   space 5120K, 0% used [0x00000000ec280000,0x00000000ec280000,0x00000000ec780000)
 ParOldGen       total 68608K, used 14395K [0x00000000c0000000, 0x00000000c4300000, 0x00000000eab00000)
  object space 68608K, 20% used [0x00000000c0000000,0x00000000c0e0ee90,0x00000000c4300000)
 Metaspace       used 15424K, committed 16064K, reserved 1114112K
  class space    used 1511K, committed 1792K, reserved 1048576K
}
Event: 4.390 GC heap after
{Heap after GC invocations=9 (full 0):
 PSYoungGen      total 26112K, used 3895K [0x00000000eab00000, 0x00000000ec980000, 0x0000000100000000)
  eden space 22016K, 0% used [0x00000000eab00000,0x00000000eab00000,0x00000000ec080000)
  from space 4096K, 95% used [0x00000000ec280000,0x00000000ec64dff0,0x00000000ec680000)
  to   space 3072K, 0% used [0x00000000ec680000,0x00000000ec680000,0x00000000ec980000)
 ParOldGen       total 68608K, used 15650K [0x00000000c0000000, 0x00000000c4300000, 0x00000000eab00000)
  object space 68608K, 22% used [0x00000000c0000000,0x00000000c0f48a38,0x00000000c4300000)
 Metaspace       used 15424K, committed 16064K, reserved 1114112K
  class space    used 1511K, committed 1792K, reserved 1048576K
}
Event: 4.396 GC heap before
{Heap before GC invocations=10 (full 0):
 PSYoungGen      total 26112K, used 25627K [0x00000000eab00000, 0x00000000ec980000, 0x0000000100000000)
  eden space 22016K, 98% used [0x00000000eab00000,0x00000000ec038c28,0x00000000ec080000)
  from space 4096K, 95% used [0x00000000ec280000,0x00000000ec64dff0,0x00000000ec680000)
  to   space 3072K, 0% used [0x00000000ec680000,0x00000000ec680000,0x00000000ec980000)
 ParOldGen       total 68608K, used 15650K [0x00000000c0000000, 0x00000000c4300000, 0x00000000eab00000)
  object space 68608K, 22% used [0x00000000c0000000,0x00000000c0f48a38,0x00000000c4300000)
 Metaspace       used 15424K, committed 16064K, reserved 1114112K
  class space    used 1511K, committed 1792K, reserved 1048576K
}
Event: 4.398 GC heap after
{Heap after GC invocations=10 (full 0):
 PSYoungGen      total 25088K, used 3063K [0x00000000eab00000, 0x00000000ec980000, 0x0000000100000000)
  eden space 22016K, 0% used [0x00000000eab00000,0x00000000eab00000,0x00000000ec080000)
  from space 3072K, 99% used [0x00000000ec680000,0x00000000ec97dff0,0x00000000ec980000)
  to   space 4608K, 0% used [0x00000000ec080000,0x00000000ec080000,0x00000000ec500000)
 ParOldGen       total 68608K, used 16746K [0x00000000c0000000, 0x00000000c4300000, 0x00000000eab00000)
  object space 68608K, 24% used [0x00000000c0000000,0x00000000c105aa38,0x00000000c4300000)
 Metaspace       used 15424K, committed 16064K, reserved 1114112K
  class space    used 1511K, committed 1792K, reserved 1048576K
}
Event: 4.403 GC heap before
{Heap before GC invocations=11 (full 0):
 PSYoungGen      total 25088K, used 24440K [0x00000000eab00000, 0x00000000ec980000, 0x0000000100000000)
  eden space 22016K, 97% used [0x00000000eab00000,0x00000000ebfe0098,0x00000000ec080000)
  from space 3072K, 99% used [0x00000000ec680000,0x00000000ec97dff0,0x00000000ec980000)
  to   space 4608K, 0% used [0x00000000ec080000,0x00000000ec080000,0x00000000ec500000)
 ParOldGen       total 68608K, used 16746K [0x00000000c0000000, 0x00000000c4300000, 0x00000000eab00000)
  object space 68608K, 24% used [0x00000000c0000000,0x00000000c105aa38,0x00000000c4300000)
 Metaspace       used 15424K, committed 16064K, reserved 1114112K
  class space    used 1511K, committed 1792K, reserved 1048576K
}
Event: 4.405 GC heap after
{Heap after GC invocations=11 (full 0):
 PSYoungGen      total 26624K, used 1759K [0x00000000eab00000, 0x00000000ed380000, 0x0000000100000000)
  eden space 22016K, 0% used [0x00000000eab00000,0x00000000eab00000,0x00000000ec080000)
  from space 4608K, 38% used [0x00000000ec080000,0x00000000ec237fe0,0x00000000ec500000)
  to   space 3072K, 0% used [0x00000000ed080000,0x00000000ed080000,0x00000000ed380000)
 ParOldGen       total 68608K, used 19178K [0x00000000c0000000, 0x00000000c4300000, 0x00000000eab00000)
  object space 68608K, 27% used [0x00000000c0000000,0x00000000c12baa38,0x00000000c4300000)
 Metaspace       used 15424K, committed 16064K, reserved 1114112K
  class space    used 1511K, committed 1792K, reserved 1048576K
}
Event: 4.434 GC heap before
{Heap before GC invocations=12 (full 0):
 PSYoungGen      total 26624K, used 23775K [0x00000000eab00000, 0x00000000ed380000, 0x0000000100000000)
  eden space 22016K, 100% used [0x00000000eab00000,0x00000000ec080000,0x00000000ec080000)
  from space 4608K, 38% used [0x00000000ec080000,0x00000000ec237fe0,0x00000000ec500000)
  to   space 3072K, 0% used [0x00000000ed080000,0x00000000ed080000,0x00000000ed380000)
 ParOldGen       total 68608K, used 19178K [0x00000000c0000000, 0x00000000c4300000, 0x00000000eab00000)
  object space 68608K, 27% used [0x00000000c0000000,0x00000000c12baa38,0x00000000c4300000)
 Metaspace       used 15428K, committed 16064K, reserved 1114112K
  class space    used 1511K, committed 1792K, reserved 1048576K
}
Event: 4.437 GC heap after
{Heap after GC invocations=12 (full 0):
 PSYoungGen      total 25088K, used 3048K [0x00000000eab00000, 0x00000000ed380000, 0x0000000100000000)
  eden space 22016K, 0% used [0x00000000eab00000,0x00000000eab00000,0x00000000ec080000)
  from space 3072K, 99% used [0x00000000ed080000,0x00000000ed37a000,0x00000000ed380000)
  to   space 4608K, 0% used [0x00000000eca80000,0x00000000eca80000,0x00000000ecf00000)
 ParOldGen       total 68608K, used 20218K [0x00000000c0000000, 0x00000000c4300000, 0x00000000eab00000)
  object space 68608K, 29% used [0x00000000c0000000,0x00000000c13bea38,0x00000000c4300000)
 Metaspace       used 15428K, committed 16064K, reserved 1114112K
  class space    used 1511K, committed 1792K, reserved 1048576K
}
Event: 4.445 GC heap before
{Heap before GC invocations=13 (full 0):
 PSYoungGen      total 25088K, used 25036K [0x00000000eab00000, 0x00000000ed380000, 0x0000000100000000)
  eden space 22016K, 99% used [0x00000000eab00000,0x00000000ec0792d0,0x00000000ec080000)
  from space 3072K, 99% used [0x00000000ed080000,0x00000000ed37a000,0x00000000ed380000)
  to   space 4608K, 0% used [0x00000000eca80000,0x00000000eca80000,0x00000000ecf00000)
 ParOldGen       total 68608K, used 20218K [0x00000000c0000000, 0x00000000c4300000, 0x00000000eab00000)
  object space 68608K, 29% used [0x00000000c0000000,0x00000000c13bea38,0x00000000c4300000)
 Metaspace       used 15428K, committed 16064K, reserved 1114112K
  class space    used 1511K, committed 1792K, reserved 1048576K
}
Event: 4.447 GC heap after
{Heap after GC invocations=13 (full 0):
 PSYoungGen      total 24064K, used 1631K [0x00000000eab00000, 0x00000000ed100000, 0x0000000100000000)
  eden space 22016K, 0% used [0x00000000eab00000,0x00000000eab00000,0x00000000ec080000)
  from space 2048K, 79% used [0x00000000eca80000,0x00000000ecc17fd0,0x00000000ecc80000)
  to   space 2560K, 0% used [0x00000000ece80000,0x00000000ece80000,0x00000000ed100000)
 ParOldGen       total 68608K, used 22306K [0x00000000c0000000, 0x00000000c4300000, 0x00000000eab00000)
  object space 68608K, 32% used [0x00000000c0000000,0x00000000c15c8a38,0x00000000c4300000)
 Metaspace       used 15428K, committed 16064K, reserved 1114112K
  class space    used 1511K, committed 1792K, reserved 1048576K
}
Event: 4.451 GC heap before
{Heap before GC invocations=14 (full 0):
 PSYoungGen      total 24064K, used 23062K [0x00000000eab00000, 0x00000000ed100000, 0x0000000100000000)
  eden space 22016K, 97% used [0x00000000eab00000,0x00000000ebfedac8,0x00000000ec080000)
  from space 2048K, 79% used [0x00000000eca80000,0x00000000ecc17fd0,0x00000000ecc80000)
  to   space 2560K, 0% used [0x00000000ece80000,0x00000000ece80000,0x00000000ed100000)
 ParOldGen       total 68608K, used 22306K [0x00000000c0000000, 0x00000000c4300000, 0x00000000eab00000)
  object space 68608K, 32% used [0x00000000c0000000,0x00000000c15c8a38,0x00000000c4300000)
 Metaspace       used 15428K, committed 16064K, reserved 1114112K
  class space    used 1511K, committed 1792K, reserved 1048576K
}
Event: 4.453 GC heap after
{Heap after GC invocations=14 (full 0):
 PSYoungGen      total 36864K, used 1631K [0x00000000eab00000, 0x00000000ed180000, 0x0000000100000000)
  eden space 34304K, 0% used [0x00000000eab00000,0x00000000eab00000,0x00000000ecc80000)
  from space 2560K, 63% used [0x00000000ece80000,0x00000000ed017fd0,0x00000000ed100000)
  to   space 2048K, 0% used [0x00000000ecc80000,0x00000000ecc80000,0x00000000ece80000)
 ParOldGen       total 68608K, used 22722K [0x00000000c0000000, 0x00000000c4300000, 0x00000000eab00000)
  object space 68608K, 33% used [0x00000000c0000000,0x00000000c1630a38,0x00000000c4300000)
 Metaspace       used 15428K, committed 16064K, reserved 1114112K
  class space    used 1511K, committed 1792K, reserved 1048576K
}
Event: 4.739 GC heap before
{Heap before GC invocations=15 (full 0):
 PSYoungGen      total 36864K, used 35935K [0x00000000eab00000, 0x00000000ed180000, 0x0000000100000000)
  eden space 34304K, 100% used [0x00000000eab00000,0x00000000ecc80000,0x00000000ecc80000)
  from space 2560K, 63% used [0x00000000ece80000,0x00000000ed017fd0,0x00000000ed100000)
  to   space 2048K, 0% used [0x00000000ecc80000,0x00000000ecc80000,0x00000000ece80000)
 ParOldGen       total 68608K, used 22722K [0x00000000c0000000, 0x00000000c4300000, 0x00000000eab00000)
  object space 68608K, 33% used [0x00000000c0000000,0x00000000c1630a38,0x00000000c4300000)
 Metaspace       used 16173K, committed 16832K, reserved 1114112K
  class space    used 1580K, committed 1856K, reserved 1048576K
}
Event: 4.742 GC heap after
{Heap after GC invocations=15 (full 0):
 PSYoungGen      total 35840K, used 2046K [0x00000000eab00000, 0x00000000ed500000, 0x0000000100000000)
  eden space 33792K, 0% used [0x00000000eab00000,0x00000000eab00000,0x00000000ecc00000)
  from space 2048K, 99% used [0x00000000ecc80000,0x00000000ece7fbb0,0x00000000ece80000)
  to   space 4608K, 0% used [0x00000000ed080000,0x00000000ed080000,0x00000000ed500000)
 ParOldGen       total 68608K, used 24490K [0x00000000c0000000, 0x00000000c4300000, 0x00000000eab00000)
  object space 68608K, 35% used [0x00000000c0000000,0x00000000c17eaa38,0x00000000c4300000)
 Metaspace       used 16173K, committed 16832K, reserved 1114112K
  class space    used 1580K, committed 1856K, reserved 1048576K
}
Event: 5.665 GC heap before
{Heap before GC invocations=16 (full 0):
 PSYoungGen      total 35840K, used 35838K [0x00000000eab00000, 0x00000000ed500000, 0x0000000100000000)
  eden space 33792K, 100% used [0x00000000eab00000,0x00000000ecc00000,0x00000000ecc00000)
  from space 2048K, 99% used [0x00000000ecc80000,0x00000000ece7fbb0,0x00000000ece80000)
  to   space 4608K, 0% used [0x00000000ed080000,0x00000000ed080000,0x00000000ed500000)
 ParOldGen       total 68608K, used 24490K [0x00000000c0000000, 0x00000000c4300000, 0x00000000eab00000)
  object space 68608K, 35% used [0x00000000c0000000,0x00000000c17eaa38,0x00000000c4300000)
 Metaspace       used 19326K, committed 20224K, reserved 1114112K
  class space    used 1935K, committed 2304K, reserved 1048576K
}
Event: 5.668 GC heap after
{Heap after GC invocations=16 (full 0):
 PSYoungGen      total 35328K, used 1872K [0x00000000eab00000, 0x00000000ed280000, 0x0000000100000000)
  eden space 33280K, 0% used [0x00000000eab00000,0x00000000eab00000,0x00000000ecb80000)
  from space 2048K, 91% used [0x00000000ed080000,0x00000000ed254348,0x00000000ed280000)
  to   space 3072K, 0% used [0x00000000ecc80000,0x00000000ecc80000,0x00000000ecf80000)
 ParOldGen       total 68608K, used 26552K [0x00000000c0000000, 0x00000000c4300000, 0x00000000eab00000)
  object space 68608K, 38% used [0x00000000c0000000,0x00000000c19ee0d8,0x00000000c4300000)
 Metaspace       used 19326K, committed 20224K, reserved 1114112K
  class space    used 1935K, committed 2304K, reserved 1048576K
}
Event: 5.805 GC heap before
{Heap before GC invocations=17 (full 0):
 PSYoungGen      total 35328K, used 11931K [0x00000000eab00000, 0x00000000ed280000, 0x0000000100000000)
  eden space 33280K, 30% used [0x00000000eab00000,0x00000000eb4d29c8,0x00000000ecb80000)
  from space 2048K, 91% used [0x00000000ed080000,0x00000000ed254348,0x00000000ed280000)
  to   space 3072K, 0% used [0x00000000ecc80000,0x00000000ecc80000,0x00000000ecf80000)
 ParOldGen       total 68608K, used 26552K [0x00000000c0000000, 0x00000000c4300000, 0x00000000eab00000)
  object space 68608K, 38% used [0x00000000c0000000,0x00000000c19ee0d8,0x00000000c4300000)
 Metaspace       used 20623K, committed 21504K, reserved 1114112K
  class space    used 2075K, committed 2432K, reserved 1048576K
}
Event: 5.806 GC heap after
{Heap after GC invocations=17 (full 0):
 PSYoungGen      total 36352K, used 1034K [0x00000000eab00000, 0x00000000ed100000, 0x0000000100000000)
  eden space 33280K, 0% used [0x00000000eab00000,0x00000000eab00000,0x00000000ecb80000)
  from space 3072K, 33% used [0x00000000ecc80000,0x00000000ecd828e8,0x00000000ecf80000)
  to   space 1536K, 0% used [0x00000000ecf80000,0x00000000ecf80000,0x00000000ed100000)
 ParOldGen       total 68608K, used 28166K [0x00000000c0000000, 0x00000000c4300000, 0x00000000eab00000)
  object space 68608K, 41% used [0x00000000c0000000,0x00000000c1b81a00,0x00000000c4300000)
 Metaspace       used 20623K, committed 21504K, reserved 1114112K
  class space    used 2075K, committed 2432K, reserved 1048576K
}
Event: 5.807 GC heap before
{Heap before GC invocations=18 (full 1):
 PSYoungGen      total 36352K, used 1034K [0x00000000eab00000, 0x00000000ed100000, 0x0000000100000000)
  eden space 33280K, 0% used [0x00000000eab00000,0x00000000eab00000,0x00000000ecb80000)
  from space 3072K, 33% used [0x00000000ecc80000,0x00000000ecd828e8,0x00000000ecf80000)
  to   space 1536K, 0% used [0x00000000ecf80000,0x00000000ecf80000,0x00000000ed100000)
 ParOldGen       total 68608K, used 28166K [0x00000000c0000000, 0x00000000c4300000, 0x00000000eab00000)
  object space 68608K, 41% used [0x00000000c0000000,0x00000000c1b81a00,0x00000000c4300000)
 Metaspace       used 20623K, committed 21504K, reserved 1114112K
  class space    used 2075K, committed 2432K, reserved 1048576K
}
Event: 5.846 GC heap after
{Heap after GC invocations=18 (full 1):
 PSYoungGen      total 36352K, used 0K [0x00000000eab00000, 0x00000000ed100000, 0x0000000100000000)
  eden space 33280K, 0% used [0x00000000eab00000,0x00000000eab00000,0x00000000ecb80000)
  from space 3072K, 0% used [0x00000000ecc80000,0x00000000ecc80000,0x00000000ecf80000)
  to   space 1536K, 0% used [0x00000000ecf80000,0x00000000ecf80000,0x00000000ed100000)
 ParOldGen       total 68608K, used 18216K [0x00000000c0000000, 0x00000000c4300000, 0x00000000eab00000)
  object space 68608K, 26% used [0x00000000c0000000,0x00000000c11ca148,0x00000000c4300000)
 Metaspace       used 20610K, committed 21504K, reserved 1114112K
  class space    used 2071K, committed 2432K, reserved 1048576K
}

