# JRE version: OpenJDK Runtime Environment Temurin-21.0.6+7 (21.0.6+7) (build 21.0.6+7-LTS)
# Java VM: OpenJDK 64-Bit Server VM Temurin-21.0.6+7 (21.0.6+7-LTS, mixed mode, sharing, tiered, compressed oops, compressed class ptrs, parallel gc, windows-amd64)
GC Precious Log:
 CardTable entry size: 512
 CPUs: 12 total, 12 available
 Memory: 16205M
 Large Page Support: Disabled
 NUMA Support: Disabled
 Compressed Oops: Enabled (32-bit)
 Alignments: Space 512K, Generation 512K, Heap 2M
 Heap Min Capacity: 100M
 Heap Initial Capacity: 100M
 Heap Max Capacity: 1G
 Pre-touch: Disabled
 Parallel Workers: 10
Heap:
 PSYoungGen      total 10752K, used 8413K [0x00000000eab00000, 0x00000000eb880000, 0x0000000100000000)
  eden space 8704K, 75% used [0x00000000eab00000,0x00000000eb167930,0x00000000eb380000)
  from space 2048K, 90% used [0x00000000eb480000,0x00000000eb64fbd8,0x00000000eb680000)
  to   space 2048K, 0% used [0x00000000eb680000,0x00000000eb680000,0x00000000eb880000)
 ParOldGen       total 306176K, used 306158K [0x00000000c0000000, 0x00000000d2b00000, 0x00000000eab00000)
  object space 306176K, 99% used [0x00000000c0000000,0x00000000d2afbb28,0x00000000d2b00000)
 Metaspace       used 62575K, committed 64000K, reserved 1114112K
  class space    used 6596K, committed 7232K, reserved 1048576K
GC Heap History (20 events):
Event: 17.708 GC heap before
{Heap before GC invocations=357 (full 3):
 PSYoungGen      total 4096K, used 4068K [0x00000000eab00000, 0x00000000eb300000, 0x0000000100000000)
  eden space 3072K, 99% used [0x00000000eab00000,0x00000000eadfe050,0x00000000eae00000)
  from space 1024K, 98% used [0x00000000eae00000,0x00000000eaefb338,0x00000000eaf00000)
  to   space 2048K, 0% used [0x00000000eb100000,0x00000000eb100000,0x00000000eb300000)
 ParOldGen       total 287232K, used 286993K [0x00000000c0000000, 0x00000000d1880000, 0x00000000eab00000)
  object space 287232K, 99% used [0x00000000c0000000,0x00000000d1844438,0x00000000d1880000)
 Metaspace       used 62560K, committed 64000K, reserved 1114112K
  class space    used 6596K, committed 7232K, reserved 1048576K
}
Event: 17.710 GC heap after
{Heap after GC invocations=357 (full 3):
 PSYoungGen      total 5632K, used 1354K [0x00000000eab00000, 0x00000000eb280000, 0x0000000100000000)
  eden space 4096K, 0% used [0x00000000eab00000,0x00000000eab00000,0x00000000eaf00000)
  from space 1536K, 88% used [0x00000000eb100000,0x00000000eb252a18,0x00000000eb280000)
  to   space 1536K, 0% used [0x00000000eaf80000,0x00000000eaf80000,0x00000000eb100000)
 ParOldGen       total 288256K, used 287872K [0x00000000c0000000, 0x00000000d1980000, 0x00000000eab00000)
  object space 288256K, 99% used [0x00000000c0000000,0x00000000d19200d8,0x00000000d1980000)
 Metaspace       used 62560K, committed 64000K, reserved 1114112K
  class space    used 6596K, committed 7232K, reserved 1048576K
}
Event: 17.716 GC heap before
{Heap before GC invocations=358 (full 3):
 PSYoungGen      total 5632K, used 5450K [0x00000000eab00000, 0x00000000eb280000, 0x0000000100000000)
  eden space 4096K, 100% used [0x00000000eab00000,0x00000000eaf00000,0x00000000eaf00000)
  from space 1536K, 88% used [0x00000000eb100000,0x00000000eb252a18,0x00000000eb280000)
  to   space 1536K, 0% used [0x00000000eaf80000,0x00000000eaf80000,0x00000000eb100000)
 ParOldGen       total 288256K, used 287872K [0x00000000c0000000, 0x00000000d1980000, 0x00000000eab00000)
  object space 288256K, 99% used [0x00000000c0000000,0x00000000d19200d8,0x00000000d1980000)
 Metaspace       used 62560K, committed 64000K, reserved 1114112K
  class space    used 6596K, committed 7232K, reserved 1048576K
}
Event: 17.718 GC heap after
{Heap after GC invocations=358 (full 3):
 PSYoungGen      total 6144K, used 1531K [0x00000000eab00000, 0x00000000eb400000, 0x0000000100000000)
  eden space 4608K, 0% used [0x00000000eab00000,0x00000000eab00000,0x00000000eaf80000)
  from space 1536K, 99% used [0x00000000eaf80000,0x00000000eb0fee80,0x00000000eb100000)
  to   space 2048K, 0% used [0x00000000eb200000,0x00000000eb200000,0x00000000eb400000)
 ParOldGen       total 289280K, used 289007K [0x00000000c0000000, 0x00000000d1a80000, 0x00000000eab00000)
  object space 289280K, 99% used [0x00000000c0000000,0x00000000d1a3be48,0x00000000d1a80000)
 Metaspace       used 62560K, committed 64000K, reserved 1114112K
  class space    used 6596K, committed 7232K, reserved 1048576K
}
Event: 17.725 GC heap before
{Heap before GC invocations=359 (full 3):
 PSYoungGen      total 6144K, used 6139K [0x00000000eab00000, 0x00000000eb400000, 0x0000000100000000)
  eden space 4608K, 100% used [0x00000000eab00000,0x00000000eaf80000,0x00000000eaf80000)
  from space 1536K, 99% used [0x00000000eaf80000,0x00000000eb0fee80,0x00000000eb100000)
  to   space 2048K, 0% used [0x00000000eb200000,0x00000000eb200000,0x00000000eb400000)
 ParOldGen       total 289280K, used 289007K [0x00000000c0000000, 0x00000000d1a80000, 0x00000000eab00000)
  object space 289280K, 99% used [0x00000000c0000000,0x00000000d1a3be48,0x00000000d1a80000)
 Metaspace       used 62560K, committed 64000K, reserved 1114112K
  class space    used 6596K, committed 7232K, reserved 1048576K
}
Event: 17.727 GC heap after
{Heap after GC invocations=359 (full 3):
 PSYoungGen      total 7168K, used 1794K [0x00000000eab00000, 0x00000000eb480000, 0x0000000100000000)
  eden space 5120K, 0% used [0x00000000eab00000,0x00000000eab00000,0x00000000eb000000)
  from space 2048K, 87% used [0x00000000eb200000,0x00000000eb3c0a30,0x00000000eb400000)
  to   space 2048K, 0% used [0x00000000eb000000,0x00000000eb000000,0x00000000eb200000)
 ParOldGen       total 290816K, used 290437K [0x00000000c0000000, 0x00000000d1c00000, 0x00000000eab00000)
  object space 290816K, 99% used [0x00000000c0000000,0x00000000d1ba1628,0x00000000d1c00000)
 Metaspace       used 62560K, committed 64000K, reserved 1114112K
  class space    used 6596K, committed 7232K, reserved 1048576K
}
Event: 17.734 GC heap before
{Heap before GC invocations=360 (full 3):
 PSYoungGen      total 7168K, used 6914K [0x00000000eab00000, 0x00000000eb480000, 0x0000000100000000)
  eden space 5120K, 100% used [0x00000000eab00000,0x00000000eb000000,0x00000000eb000000)
  from space 2048K, 87% used [0x00000000eb200000,0x00000000eb3c0a30,0x00000000eb400000)
  to   space 2048K, 0% used [0x00000000eb000000,0x00000000eb000000,0x00000000eb200000)
 ParOldGen       total 290816K, used 290437K [0x00000000c0000000, 0x00000000d1c00000, 0x00000000eab00000)
  object space 290816K, 99% used [0x00000000c0000000,0x00000000d1ba1628,0x00000000d1c00000)
 Metaspace       used 62560K, committed 64000K, reserved 1114112K
  class space    used 6596K, committed 7232K, reserved 1048576K
}
Event: 17.736 GC heap after
{Heap after GC invocations=360 (full 3):
 PSYoungGen      total 7168K, used 1880K [0x00000000eab00000, 0x00000000eb500000, 0x0000000100000000)
  eden space 5120K, 0% used [0x00000000eab00000,0x00000000eab00000,0x00000000eb000000)
  from space 2048K, 91% used [0x00000000eb000000,0x00000000eb1d61e0,0x00000000eb200000)
  to   space 2048K, 0% used [0x00000000eb300000,0x00000000eb300000,0x00000000eb500000)
 ParOldGen       total 292352K, used 292101K [0x00000000c0000000, 0x00000000d1d80000, 0x00000000eab00000)
  object space 292352K, 99% used [0x00000000c0000000,0x00000000d1d416e0,0x00000000d1d80000)
 Metaspace       used 62560K, committed 64000K, reserved 1114112K
  class space    used 6596K, committed 7232K, reserved 1048576K
}
Event: 17.743 GC heap before
{Heap before GC invocations=361 (full 3):
 PSYoungGen      total 7168K, used 7000K [0x00000000eab00000, 0x00000000eb500000, 0x0000000100000000)
  eden space 5120K, 100% used [0x00000000eab00000,0x00000000eb000000,0x00000000eb000000)
  from space 2048K, 91% used [0x00000000eb000000,0x00000000eb1d61e0,0x00000000eb200000)
  to   space 2048K, 0% used [0x00000000eb300000,0x00000000eb300000,0x00000000eb500000)
 ParOldGen       total 292352K, used 292101K [0x00000000c0000000, 0x00000000d1d80000, 0x00000000eab00000)
  object space 292352K, 99% used [0x00000000c0000000,0x00000000d1d416e0,0x00000000d1d80000)
 Metaspace       used 62560K, committed 64000K, reserved 1114112K
  class space    used 6596K, committed 7232K, reserved 1048576K
}
Event: 17.745 GC heap after
{Heap after GC invocations=361 (full 3):
 PSYoungGen      total 8192K, used 1980K [0x00000000eab00000, 0x00000000eb500000, 0x0000000100000000)
  eden space 6144K, 0% used [0x00000000eab00000,0x00000000eab00000,0x00000000eb100000)
  from space 2048K, 96% used [0x00000000eb300000,0x00000000eb4ef178,0x00000000eb500000)
  to   space 2048K, 0% used [0x00000000eb100000,0x00000000eb100000,0x00000000eb300000)
 ParOldGen       total 293888K, used 293845K [0x00000000c0000000, 0x00000000d1f00000, 0x00000000eab00000)
  object space 293888K, 99% used [0x00000000c0000000,0x00000000d1ef5410,0x00000000d1f00000)
 Metaspace       used 62560K, committed 64000K, reserved 1114112K
  class space    used 6596K, committed 7232K, reserved 1048576K
}
Event: 17.754 GC heap before
{Heap before GC invocations=362 (full 3):
 PSYoungGen      total 8192K, used 8124K [0x00000000eab00000, 0x00000000eb500000, 0x0000000100000000)
  eden space 6144K, 100% used [0x00000000eab00000,0x00000000eb100000,0x00000000eb100000)
  from space 2048K, 96% used [0x00000000eb300000,0x00000000eb4ef178,0x00000000eb500000)
  to   space 2048K, 0% used [0x00000000eb100000,0x00000000eb100000,0x00000000eb300000)
 ParOldGen       total 293888K, used 293845K [0x00000000c0000000, 0x00000000d1f00000, 0x00000000eab00000)
  object space 293888K, 99% used [0x00000000c0000000,0x00000000d1ef5410,0x00000000d1f00000)
 Metaspace       used 62561K, committed 64000K, reserved 1114112K
  class space    used 6596K, committed 7232K, reserved 1048576K
}
Event: 17.756 GC heap after
{Heap after GC invocations=362 (full 3):
 PSYoungGen      total 8192K, used 2047K [0x00000000eab00000, 0x00000000ebc80000, 0x0000000100000000)
  eden space 6144K, 0% used [0x00000000eab00000,0x00000000eab00000,0x00000000eb100000)
  from space 2048K, 99% used [0x00000000eb100000,0x00000000eb2ffda0,0x00000000eb300000)
  to   space 5120K, 0% used [0x00000000eb780000,0x00000000eb780000,0x00000000ebc80000)
 ParOldGen       total 296448K, used 296131K [0x00000000c0000000, 0x00000000d2180000, 0x00000000eab00000)
  object space 296448K, 99% used [0x00000000c0000000,0x00000000d2130c60,0x00000000d2180000)
 Metaspace       used 62561K, committed 64000K, reserved 1114112K
  class space    used 6596K, committed 7232K, reserved 1048576K
}
Event: 17.763 GC heap before
{Heap before GC invocations=363 (full 3):
 PSYoungGen      total 8192K, used 8191K [0x00000000eab00000, 0x00000000ebc80000, 0x0000000100000000)
  eden space 6144K, 100% used [0x00000000eab00000,0x00000000eb100000,0x00000000eb100000)
  from space 2048K, 99% used [0x00000000eb100000,0x00000000eb2ffda0,0x00000000eb300000)
  to   space 5120K, 0% used [0x00000000eb780000,0x00000000eb780000,0x00000000ebc80000)
 ParOldGen       total 296448K, used 296131K [0x00000000c0000000, 0x00000000d2180000, 0x00000000eab00000)
  object space 296448K, 99% used [0x00000000c0000000,0x00000000d2130c60,0x00000000d2180000)
 Metaspace       used 62561K, committed 64000K, reserved 1114112K
  class space    used 6596K, committed 7232K, reserved 1048576K
}
Event: 17.765 GC heap after
{Heap after GC invocations=363 (full 3):
 PSYoungGen      total 10752K, used 2568K [0x00000000eab00000, 0x00000000eba80000, 0x0000000100000000)
  eden space 7680K, 0% used [0x00000000eab00000,0x00000000eab00000,0x00000000eb280000)
  from space 3072K, 83% used [0x00000000eb780000,0x00000000eba02388,0x00000000eba80000)
  to   space 3584K, 0% used [0x00000000eb380000,0x00000000eb380000,0x00000000eb700000)
 ParOldGen       total 298496K, used 298042K [0x00000000c0000000, 0x00000000d2380000, 0x00000000eab00000)
  object space 298496K, 99% used [0x00000000c0000000,0x00000000d230eba0,0x00000000d2380000)
 Metaspace       used 62561K, committed 64000K, reserved 1114112K
  class space    used 6596K, committed 7232K, reserved 1048576K
}
Event: 17.774 GC heap before
{Heap before GC invocations=364 (full 3):
 PSYoungGen      total 10752K, used 10248K [0x00000000eab00000, 0x00000000eba80000, 0x0000000100000000)
  eden space 7680K, 100% used [0x00000000eab00000,0x00000000eb280000,0x00000000eb280000)
  from space 3072K, 83% used [0x00000000eb780000,0x00000000eba02388,0x00000000eba80000)
  to   space 3584K, 0% used [0x00000000eb380000,0x00000000eb380000,0x00000000eb700000)
 ParOldGen       total 298496K, used 298042K [0x00000000c0000000, 0x00000000d2380000, 0x00000000eab00000)
  object space 298496K, 99% used [0x00000000c0000000,0x00000000d230eba0,0x00000000d2380000)
 Metaspace       used 62564K, committed 64000K, reserved 1114112K
  class space    used 6596K, committed 7232K, reserved 1048576K
}
Event: 17.776 GC heap after
{Heap after GC invocations=364 (full 3):
 PSYoungGen      total 12288K, used 3194K [0x00000000eab00000, 0x00000000ebb00000, 0x0000000100000000)
  eden space 8704K, 0% used [0x00000000eab00000,0x00000000eab00000,0x00000000eb380000)
  from space 3584K, 89% used [0x00000000eb380000,0x00000000eb69e8a0,0x00000000eb700000)
  to   space 3584K, 0% used [0x00000000eb780000,0x00000000eb780000,0x00000000ebb00000)
 ParOldGen       total 300544K, used 300470K [0x00000000c0000000, 0x00000000d2580000, 0x00000000eab00000)
  object space 300544K, 99% used [0x00000000c0000000,0x00000000d256da50,0x00000000d2580000)
 Metaspace       used 62564K, committed 64000K, reserved 1114112K
  class space    used 6596K, committed 7232K, reserved 1048576K
}
Event: 17.791 GC heap before
{Heap before GC invocations=365 (full 3):
 PSYoungGen      total 12288K, used 11874K [0x00000000eab00000, 0x00000000ebb00000, 0x0000000100000000)
  eden space 8704K, 99% used [0x00000000eab00000,0x00000000eb379f90,0x00000000eb380000)
  from space 3584K, 89% used [0x00000000eb380000,0x00000000eb69e8a0,0x00000000eb700000)
  to   space 3584K, 0% used [0x00000000eb780000,0x00000000eb780000,0x00000000ebb00000)
 ParOldGen       total 300544K, used 300470K [0x00000000c0000000, 0x00000000d2580000, 0x00000000eab00000)
  object space 300544K, 99% used [0x00000000c0000000,0x00000000d256da50,0x00000000d2580000)
 Metaspace       used 62564K, committed 64000K, reserved 1114112K
  class space    used 6596K, committed 7232K, reserved 1048576K
}
Event: 17.793 GC heap after
{Heap after GC invocations=365 (full 3):
 PSYoungGen      total 11776K, used 2859K [0x00000000eab00000, 0x00000000eba80000, 0x0000000100000000)
  eden space 8704K, 0% used [0x00000000eab00000,0x00000000eab00000,0x00000000eb380000)
  from space 3072K, 93% used [0x00000000eb780000,0x00000000eba4ac98,0x00000000eba80000)
  to   space 3072K, 0% used [0x00000000eb480000,0x00000000eb480000,0x00000000eb780000)
 ParOldGen       total 303616K, used 303477K [0x00000000c0000000, 0x00000000d2880000, 0x00000000eab00000)
  object space 303616K, 99% used [0x00000000c0000000,0x00000000d285d580,0x00000000d2880000)
 Metaspace       used 62564K, committed 64000K, reserved 1114112K
  class space    used 6596K, committed 7232K, reserved 1048576K
}
Event: 17.934 GC heap before
{Heap before GC invocations=366 (full 3):
 PSYoungGen      total 11776K, used 11563K [0x00000000eab00000, 0x00000000eba80000, 0x0000000100000000)
  eden space 8704K, 100% used [0x00000000eab00000,0x00000000eb380000,0x00000000eb380000)
  from space 3072K, 93% used [0x00000000eb780000,0x00000000eba4ac98,0x00000000eba80000)
  to   space 3072K, 0% used [0x00000000eb480000,0x00000000eb480000,0x00000000eb780000)
 ParOldGen       total 303616K, used 303477K [0x00000000c0000000, 0x00000000d2880000, 0x00000000eab00000)
  object space 303616K, 99% used [0x00000000c0000000,0x00000000d285d580,0x00000000d2880000)
 Metaspace       used 62570K, committed 64000K, reserved 1114112K
  class space    used 6596K, committed 7232K, reserved 1048576K
}
Event: 17.939 GC heap after
{Heap after GC invocations=366 (full 3):
 PSYoungGen      total 10752K, used 1854K [0x00000000eab00000, 0x00000000eb880000, 0x0000000100000000)
  eden space 8704K, 0% used [0x00000000eab00000,0x00000000eab00000,0x00000000eb380000)
  from space 2048K, 90% used [0x00000000eb480000,0x00000000eb64fbd8,0x00000000eb680000)
  to   space 2048K, 0% used [0x00000000eb680000,0x00000000eb680000,0x00000000eb880000)
 ParOldGen       total 306176K, used 306158K [0x00000000c0000000, 0x00000000d2b00000, 0x00000000eab00000)
  object space 306176K, 99% used [0x00000000c0000000,0x00000000d2afbb28,0x00000000d2b00000)
 Metaspace       used 62570K, committed 64000K, reserved 1114112K
  class space    used 6596K, committed 7232K, reserved 1048576K
}

