# JRE version: OpenJDK Runtime Environment Temurin-21.0.6+7 (21.0.6+7) (build 21.0.6+7-LTS)
# Java VM: OpenJDK 64-Bit Server VM Temurin-21.0.6+7 (21.0.6+7-LTS, mixed mode, sharing, tiered, compressed oops, compressed class ptrs, parallel gc, windows-amd64)
GC Precious Log:
 CardTable entry size: 512
 CPUs: 12 total, 12 available
 Memory: 16205M
 Large Page Support: Disabled
 NUMA Support: Disabled
 Compressed Oops: Enabled (32-bit)
 Alignments: Space 512K, Generation 512K, Heap 2M
 Heap Min Capacity: 100M
 Heap Initial Capacity: 100M
 Heap Max Capacity: 1G
 Pre-touch: Disabled
 Parallel Workers: 10
Heap:
 PSYoungGen      total 34304K, used 23280K [0x00000000eab00000, 0x00000000ed180000, 0x0000000100000000)
  eden space 31232K, 72% used [0x00000000eab00000,0x00000000ec10fc60,0x00000000ec980000)
  from space 3072K, 22% used [0x00000000ecd00000,0x00000000ecdac720,0x00000000ed000000)
  to   space 1536K, 0% used [0x00000000ed000000,0x00000000ed000000,0x00000000ed180000)
 ParOldGen       total 68608K, used 18092K [0x00000000c0000000, 0x00000000c4300000, 0x00000000eab00000)
  object space 68608K, 26% used [0x00000000c0000000,0x00000000c11ab0d0,0x00000000c4300000)
 Metaspace       used 26218K, committed 27008K, reserved 1114112K
  class space    used 2470K, committed 2816K, reserved 1048576K
GC Heap History (20 events):
Event: 4.864 GC heap before
{Heap before GC invocations=9 (full 0):
 PSYoungGen      total 31744K, used 28191K [0x00000000eab00000, 0x00000000ee100000, 0x0000000100000000)
  eden space 24064K, 99% used [0x00000000eab00000,0x00000000ec25bc28,0x00000000ec280000)
  from space 7680K, 55% used [0x00000000ec800000,0x00000000ecc2c000,0x00000000ecf80000)
  to   space 5632K, 0% used [0x00000000ec280000,0x00000000ec280000,0x00000000ec800000)
 ParOldGen       total 68608K, used 14193K [0x00000000c0000000, 0x00000000c4300000, 0x00000000eab00000)
  object space 68608K, 20% used [0x00000000c0000000,0x00000000c0ddc488,0x00000000c4300000)
 Metaspace       used 15432K, committed 16000K, reserved 1114112K
  class space    used 1509K, committed 1792K, reserved 1048576K
}
Event: 4.869 GC heap after
{Heap after GC invocations=9 (full 0):
 PSYoungGen      total 27648K, used 3911K [0x00000000eab00000, 0x00000000ecb00000, 0x0000000100000000)
  eden space 23552K, 0% used [0x00000000eab00000,0x00000000eab00000,0x00000000ec200000)
  from space 4096K, 95% used [0x00000000ec280000,0x00000000ec651ff0,0x00000000ec680000)
  to   space 4608K, 0% used [0x00000000ec680000,0x00000000ec680000,0x00000000ecb00000)
 ParOldGen       total 68608K, used 15689K [0x00000000c0000000, 0x00000000c4300000, 0x00000000eab00000)
  object space 68608K, 22% used [0x00000000c0000000,0x00000000c0f524a8,0x00000000c4300000)
 Metaspace       used 15432K, committed 16000K, reserved 1114112K
  class space    used 1509K, committed 1792K, reserved 1048576K
}
Event: 4.876 GC heap before
{Heap before GC invocations=10 (full 0):
 PSYoungGen      total 27648K, used 27024K [0x00000000eab00000, 0x00000000ecb00000, 0x0000000100000000)
  eden space 23552K, 98% used [0x00000000eab00000,0x00000000ec1921d0,0x00000000ec200000)
  from space 4096K, 95% used [0x00000000ec280000,0x00000000ec651ff0,0x00000000ec680000)
  to   space 4608K, 0% used [0x00000000ec680000,0x00000000ec680000,0x00000000ecb00000)
 ParOldGen       total 68608K, used 15689K [0x00000000c0000000, 0x00000000c4300000, 0x00000000eab00000)
  object space 68608K, 22% used [0x00000000c0000000,0x00000000c0f524a8,0x00000000c4300000)
 Metaspace       used 15432K, committed 16000K, reserved 1114112K
  class space    used 1509K, committed 1792K, reserved 1048576K
}
Event: 4.878 GC heap after
{Heap after GC invocations=10 (full 0):
 PSYoungGen      total 27648K, used 4287K [0x00000000eab00000, 0x00000000ecb00000, 0x0000000100000000)
  eden space 23040K, 0% used [0x00000000eab00000,0x00000000eab00000,0x00000000ec180000)
  from space 4608K, 93% used [0x00000000ec680000,0x00000000ecaafff0,0x00000000ecb00000)
  to   space 4608K, 0% used [0x00000000ec200000,0x00000000ec200000,0x00000000ec680000)
 ParOldGen       total 68608K, used 15689K [0x00000000c0000000, 0x00000000c4300000, 0x00000000eab00000)
  object space 68608K, 22% used [0x00000000c0000000,0x00000000c0f524a8,0x00000000c4300000)
 Metaspace       used 15432K, committed 16000K, reserved 1114112K
  class space    used 1509K, committed 1792K, reserved 1048576K
}
Event: 4.883 GC heap before
{Heap before GC invocations=11 (full 0):
 PSYoungGen      total 27648K, used 26763K [0x00000000eab00000, 0x00000000ecb00000, 0x0000000100000000)
  eden space 23040K, 97% used [0x00000000eab00000,0x00000000ec0f2e90,0x00000000ec180000)
  from space 4608K, 93% used [0x00000000ec680000,0x00000000ecaafff0,0x00000000ecb00000)
  to   space 4608K, 0% used [0x00000000ec200000,0x00000000ec200000,0x00000000ec680000)
 ParOldGen       total 68608K, used 15689K [0x00000000c0000000, 0x00000000c4300000, 0x00000000eab00000)
  object space 68608K, 22% used [0x00000000c0000000,0x00000000c0f524a8,0x00000000c4300000)
 Metaspace       used 15432K, committed 16000K, reserved 1114112K
  class space    used 1509K, committed 1792K, reserved 1048576K
}
Event: 4.886 GC heap after
{Heap after GC invocations=11 (full 0):
 PSYoungGen      total 28160K, used 919K [0x00000000eab00000, 0x00000000ed400000, 0x0000000100000000)
  eden space 23552K, 0% used [0x00000000eab00000,0x00000000eab00000,0x00000000ec200000)
  from space 4608K, 19% used [0x00000000ec200000,0x00000000ec2e5ff0,0x00000000ec680000)
  to   space 2560K, 0% used [0x00000000ed180000,0x00000000ed180000,0x00000000ed400000)
 ParOldGen       total 68608K, used 19193K [0x00000000c0000000, 0x00000000c4300000, 0x00000000eab00000)
  object space 68608K, 27% used [0x00000000c0000000,0x00000000c12be4a8,0x00000000c4300000)
 Metaspace       used 15432K, committed 16000K, reserved 1114112K
  class space    used 1509K, committed 1792K, reserved 1048576K
}
Event: 4.979 GC heap before
{Heap before GC invocations=12 (full 0):
 PSYoungGen      total 28160K, used 24296K [0x00000000eab00000, 0x00000000ed400000, 0x0000000100000000)
  eden space 23552K, 99% used [0x00000000eab00000,0x00000000ec1d4170,0x00000000ec200000)
  from space 4608K, 19% used [0x00000000ec200000,0x00000000ec2e5ff0,0x00000000ec680000)
  to   space 2560K, 0% used [0x00000000ed180000,0x00000000ed180000,0x00000000ed400000)
 ParOldGen       total 68608K, used 19193K [0x00000000c0000000, 0x00000000c4300000, 0x00000000eab00000)
  object space 68608K, 27% used [0x00000000c0000000,0x00000000c12be4a8,0x00000000c4300000)
 Metaspace       used 15435K, committed 16000K, reserved 1114112K
  class space    used 1509K, committed 1792K, reserved 1048576K
}
Event: 4.983 GC heap after
{Heap after GC invocations=12 (full 0):
 PSYoungGen      total 25600K, used 2535K [0x00000000eab00000, 0x00000000ed400000, 0x0000000100000000)
  eden space 23040K, 0% used [0x00000000eab00000,0x00000000eab00000,0x00000000ec180000)
  from space 2560K, 99% used [0x00000000ed180000,0x00000000ed3f9fe8,0x00000000ed400000)
  to   space 4608K, 0% used [0x00000000ecb00000,0x00000000ecb00000,0x00000000ecf80000)
 ParOldGen       total 68608K, used 20409K [0x00000000c0000000, 0x00000000c4300000, 0x00000000eab00000)
  object space 68608K, 29% used [0x00000000c0000000,0x00000000c13ee4a8,0x00000000c4300000)
 Metaspace       used 15435K, committed 16000K, reserved 1114112K
  class space    used 1509K, committed 1792K, reserved 1048576K
}
Event: 4.987 GC heap before
{Heap before GC invocations=13 (full 0):
 PSYoungGen      total 25600K, used 25432K [0x00000000eab00000, 0x00000000ed400000, 0x0000000100000000)
  eden space 23040K, 99% used [0x00000000eab00000,0x00000000ec15c3f0,0x00000000ec180000)
  from space 2560K, 99% used [0x00000000ed180000,0x00000000ed3f9fe8,0x00000000ed400000)
  to   space 4608K, 0% used [0x00000000ecb00000,0x00000000ecb00000,0x00000000ecf80000)
 ParOldGen       total 68608K, used 20409K [0x00000000c0000000, 0x00000000c4300000, 0x00000000eab00000)
  object space 68608K, 29% used [0x00000000c0000000,0x00000000c13ee4a8,0x00000000c4300000)
 Metaspace       used 15435K, committed 16000K, reserved 1114112K
  class space    used 1509K, committed 1792K, reserved 1048576K
}
Event: 4.990 GC heap after
{Heap after GC invocations=13 (full 0):
 PSYoungGen      total 37376K, used 1311K [0x00000000eab00000, 0x00000000ed400000, 0x0000000100000000)
  eden space 32768K, 0% used [0x00000000eab00000,0x00000000eab00000,0x00000000ecb00000)
  from space 4608K, 28% used [0x00000000ecb00000,0x00000000ecc47fd0,0x00000000ecf80000)
  to   space 2560K, 0% used [0x00000000ed180000,0x00000000ed180000,0x00000000ed400000)
 ParOldGen       total 68608K, used 22721K [0x00000000c0000000, 0x00000000c4300000, 0x00000000eab00000)
  object space 68608K, 33% used [0x00000000c0000000,0x00000000c16304a8,0x00000000c4300000)
 Metaspace       used 15435K, committed 16000K, reserved 1114112K
  class space    used 1509K, committed 1792K, reserved 1048576K
}
Event: 4.997 GC heap before
{Heap before GC invocations=14 (full 0):
 PSYoungGen      total 37376K, used 33777K [0x00000000eab00000, 0x00000000ed400000, 0x0000000100000000)
  eden space 32768K, 99% used [0x00000000eab00000,0x00000000ecab46c8,0x00000000ecb00000)
  from space 4608K, 28% used [0x00000000ecb00000,0x00000000ecc47fd0,0x00000000ecf80000)
  to   space 2560K, 0% used [0x00000000ed180000,0x00000000ed180000,0x00000000ed400000)
 ParOldGen       total 68608K, used 22721K [0x00000000c0000000, 0x00000000c4300000, 0x00000000eab00000)
  object space 68608K, 33% used [0x00000000c0000000,0x00000000c16304a8,0x00000000c4300000)
 Metaspace       used 15435K, committed 16000K, reserved 1114112K
  class space    used 1509K, committed 1792K, reserved 1048576K
}
Event: 4.998 GC heap after
{Heap after GC invocations=14 (full 0):
 PSYoungGen      total 34304K, used 1935K [0x00000000eab00000, 0x00000000ed380000, 0x0000000100000000)
  eden space 32256K, 0% used [0x00000000eab00000,0x00000000eab00000,0x00000000eca80000)
  from space 2048K, 94% used [0x00000000ed180000,0x00000000ed363fd0,0x00000000ed380000)
  to   space 2560K, 0% used [0x00000000ece80000,0x00000000ece80000,0x00000000ed100000)
 ParOldGen       total 68608K, used 22721K [0x00000000c0000000, 0x00000000c4300000, 0x00000000eab00000)
  object space 68608K, 33% used [0x00000000c0000000,0x00000000c16304a8,0x00000000c4300000)
 Metaspace       used 15435K, committed 16000K, reserved 1114112K
  class space    used 1509K, committed 1792K, reserved 1048576K
}
Event: 6.235 GC heap before
{Heap before GC invocations=15 (full 0):
 PSYoungGen      total 34304K, used 34191K [0x00000000eab00000, 0x00000000ed380000, 0x0000000100000000)
  eden space 32256K, 100% used [0x00000000eab00000,0x00000000eca80000,0x00000000eca80000)
  from space 2048K, 94% used [0x00000000ed180000,0x00000000ed363fd0,0x00000000ed380000)
  to   space 2560K, 0% used [0x00000000ece80000,0x00000000ece80000,0x00000000ed100000)
 ParOldGen       total 68608K, used 22721K [0x00000000c0000000, 0x00000000c4300000, 0x00000000eab00000)
  object space 68608K, 33% used [0x00000000c0000000,0x00000000c16304a8,0x00000000c4300000)
 Metaspace       used 17738K, committed 18432K, reserved 1114112K
  class space    used 1752K, committed 2048K, reserved 1048576K
}
Event: 6.240 GC heap after
{Heap after GC invocations=15 (full 0):
 PSYoungGen      total 34304K, used 2531K [0x00000000eab00000, 0x00000000ed400000, 0x0000000100000000)
  eden space 31744K, 0% used [0x00000000eab00000,0x00000000eab00000,0x00000000eca00000)
  from space 2560K, 98% used [0x00000000ece80000,0x00000000ed0f8ec8,0x00000000ed100000)
  to   space 3072K, 0% used [0x00000000ed100000,0x00000000ed100000,0x00000000ed400000)
 ParOldGen       total 68608K, used 24801K [0x00000000c0000000, 0x00000000c4300000, 0x00000000eab00000)
  object space 68608K, 36% used [0x00000000c0000000,0x00000000c18384a8,0x00000000c4300000)
 Metaspace       used 17738K, committed 18432K, reserved 1114112K
  class space    used 1752K, committed 2048K, reserved 1048576K
}
Event: 6.922 GC heap before
{Heap before GC invocations=16 (full 0):
 PSYoungGen      total 34304K, used 32840K [0x00000000eab00000, 0x00000000ed400000, 0x0000000100000000)
  eden space 31744K, 95% used [0x00000000eab00000,0x00000000ec899488,0x00000000eca00000)
  from space 2560K, 98% used [0x00000000ece80000,0x00000000ed0f8ec8,0x00000000ed100000)
  to   space 3072K, 0% used [0x00000000ed100000,0x00000000ed100000,0x00000000ed400000)
 ParOldGen       total 68608K, used 24801K [0x00000000c0000000, 0x00000000c4300000, 0x00000000eab00000)
  object space 68608K, 36% used [0x00000000c0000000,0x00000000c18384a8,0x00000000c4300000)
 Metaspace       used 20687K, committed 21504K, reserved 1114112K
  class space    used 2075K, committed 2432K, reserved 1048576K
}
Event: 6.926 GC heap after
{Heap after GC invocations=16 (full 0):
 PSYoungGen      total 33792K, used 1986K [0x00000000eab00000, 0x00000000ed300000, 0x0000000100000000)
  eden space 31744K, 0% used [0x00000000eab00000,0x00000000eab00000,0x00000000eca00000)
  from space 2048K, 97% used [0x00000000ed100000,0x00000000ed2f0a90,0x00000000ed300000)
  to   space 3072K, 0% used [0x00000000ecd00000,0x00000000ecd00000,0x00000000ed000000)
 ParOldGen       total 68608K, used 27316K [0x00000000c0000000, 0x00000000c4300000, 0x00000000eab00000)
  object space 68608K, 39% used [0x00000000c0000000,0x00000000c1aad1c0,0x00000000c4300000)
 Metaspace       used 20687K, committed 21504K, reserved 1114112K
  class space    used 2075K, committed 2432K, reserved 1048576K
}
Event: 6.926 GC heap before
{Heap before GC invocations=17 (full 1):
 PSYoungGen      total 33792K, used 1986K [0x00000000eab00000, 0x00000000ed300000, 0x0000000100000000)
  eden space 31744K, 0% used [0x00000000eab00000,0x00000000eab00000,0x00000000eca00000)
  from space 2048K, 97% used [0x00000000ed100000,0x00000000ed2f0a90,0x00000000ed300000)
  to   space 3072K, 0% used [0x00000000ecd00000,0x00000000ecd00000,0x00000000ed000000)
 ParOldGen       total 68608K, used 27316K [0x00000000c0000000, 0x00000000c4300000, 0x00000000eab00000)
  object space 68608K, 39% used [0x00000000c0000000,0x00000000c1aad1c0,0x00000000c4300000)
 Metaspace       used 20687K, committed 21504K, reserved 1114112K
  class space    used 2075K, committed 2432K, reserved 1048576K
}
Event: 6.981 GC heap after
{Heap after GC invocations=17 (full 1):
 PSYoungGen      total 33792K, used 0K [0x00000000eab00000, 0x00000000ed300000, 0x0000000100000000)
  eden space 31744K, 0% used [0x00000000eab00000,0x00000000eab00000,0x00000000eca00000)
  from space 2048K, 0% used [0x00000000ed100000,0x00000000ed100000,0x00000000ed300000)
  to   space 3072K, 0% used [0x00000000ecd00000,0x00000000ecd00000,0x00000000ed000000)
 ParOldGen       total 68608K, used 18084K [0x00000000c0000000, 0x00000000c4300000, 0x00000000eab00000)
  object space 68608K, 26% used [0x00000000c0000000,0x00000000c11a90d0,0x00000000c4300000)
 Metaspace       used 20674K, committed 21504K, reserved 1114112K
  class space    used 2071K, committed 2432K, reserved 1048576K
}
Event: 7.349 GC heap before
{Heap before GC invocations=18 (full 1):
 PSYoungGen      total 33792K, used 31744K [0x00000000eab00000, 0x00000000ed300000, 0x0000000100000000)
  eden space 31744K, 100% used [0x00000000eab00000,0x00000000eca00000,0x00000000eca00000)
  from space 2048K, 0% used [0x00000000ed100000,0x00000000ed100000,0x00000000ed300000)
  to   space 3072K, 0% used [0x00000000ecd00000,0x00000000ecd00000,0x00000000ed000000)
 ParOldGen       total 68608K, used 18084K [0x00000000c0000000, 0x00000000c4300000, 0x00000000eab00000)
  object space 68608K, 26% used [0x00000000c0000000,0x00000000c11a90d0,0x00000000c4300000)
 Metaspace       used 23757K, committed 24640K, reserved 1114112K
  class space    used 2258K, committed 2624K, reserved 1048576K
}
Event: 7.351 GC heap after
{Heap after GC invocations=18 (full 1):
 PSYoungGen      total 34304K, used 689K [0x00000000eab00000, 0x00000000ed180000, 0x0000000100000000)
  eden space 31232K, 0% used [0x00000000eab00000,0x00000000eab00000,0x00000000ec980000)
  from space 3072K, 22% used [0x00000000ecd00000,0x00000000ecdac720,0x00000000ed000000)
  to   space 1536K, 0% used [0x00000000ed000000,0x00000000ed000000,0x00000000ed180000)
 ParOldGen       total 68608K, used 18092K [0x00000000c0000000, 0x00000000c4300000, 0x00000000eab00000)
  object space 68608K, 26% used [0x00000000c0000000,0x00000000c11ab0d0,0x00000000c4300000)
 Metaspace       used 23757K, committed 24640K, reserved 1114112K
  class space    used 2258K, committed 2624K, reserved 1048576K
}

