# JRE version: OpenJDK Runtime Environment Microsoft-8902769 (17.0.10+7) (build 17.0.10+7-LTS)
# Java VM: OpenJDK 64-Bit Server VM Microsoft-8902769 (17.0.10+7-LTS, mixed mode, sharing, tiered, compressed oops, compressed class ptrs, g1 gc, windows-amd64)
GC Precious Log:
 CPUs: 12 total, 12 available
 Memory: 16205M
 Large Page Support: Disabled
 NUMA Support: Disabled
 Compressed Oops: Enabled (32-bit)
 Heap Region Size: 1M
 Heap Min Capacity: 8M
 Heap Initial Capacity: 254M
 Heap Max Capacity: 2G
 Pre-touch: Disabled
 Parallel Workers: 10
 Concurrent Workers: 3
 Concurrent Refinement Workers: 10
 Periodic GC: Disabled
Heap:
 garbage-first heap   total 201728K, used 148195K [0x0000000080000000, 0x0000000100000000)
  region size 1024K, 37 young (37888K), 4 survivors (4096K)
 Metaspace       used 105088K, committed 106112K, reserved 557056K
  class space    used 14428K, committed 14912K, reserved 425984K
GC Heap History (20 events):
Event: 16.671 GC heap before
{Heap before GC invocations=33 (full 0):
 garbage-first heap   total 201728K, used 153446K [0x0000000080000000, 0x0000000100000000)
  region size 1024K, 80 young (81920K), 1 survivors (1024K)
 Metaspace       used 78815K, committed 79808K, reserved 557056K
  class space    used 11020K, committed 11520K, reserved 425984K
}
Event: 16.677 GC heap after
{Heap after GC invocations=34 (full 0):
 garbage-first heap   total 201728K, used 77953K [0x0000000080000000, 0x0000000100000000)
  region size 1024K, 8 young (8192K), 8 survivors (8192K)
 Metaspace       used 78815K, committed 79808K, reserved 557056K
  class space    used 11020K, committed 11520K, reserved 425984K
}
Event: 18.369 GC heap before
{Heap before GC invocations=34 (full 0):
 garbage-first heap   total 201728K, used 153729K [0x0000000080000000, 0x0000000100000000)
  region size 1024K, 83 young (84992K), 8 survivors (8192K)
 Metaspace       used 80456K, committed 81408K, reserved 557056K
  class space    used 11170K, committed 11648K, reserved 425984K
}
Event: 18.380 GC heap after
{Heap after GC invocations=35 (full 0):
 garbage-first heap   total 201728K, used 83595K [0x0000000080000000, 0x0000000100000000)
  region size 1024K, 9 young (9216K), 9 survivors (9216K)
 Metaspace       used 80456K, committed 81408K, reserved 557056K
  class space    used 11170K, committed 11648K, reserved 425984K
}
Event: 18.843 GC heap before
{Heap before GC invocations=35 (full 0):
 garbage-first heap   total 201728K, used 155275K [0x0000000080000000, 0x0000000100000000)
  region size 1024K, 80 young (81920K), 9 survivors (9216K)
 Metaspace       used 80536K, committed 81536K, reserved 557056K
  class space    used 11171K, committed 11648K, reserved 425984K
}
Event: 18.850 GC heap after
{Heap after GC invocations=36 (full 0):
 garbage-first heap   total 201728K, used 85253K [0x0000000080000000, 0x0000000100000000)
  region size 1024K, 5 young (5120K), 5 survivors (5120K)
 Metaspace       used 80536K, committed 81536K, reserved 557056K
  class space    used 11171K, committed 11648K, reserved 425984K
}
Event: 19.420 GC heap before
{Heap before GC invocations=36 (full 0):
 garbage-first heap   total 201728K, used 165125K [0x0000000080000000, 0x0000000100000000)
  region size 1024K, 77 young (78848K), 5 survivors (5120K)
 Metaspace       used 82246K, committed 83328K, reserved 557056K
  class space    used 11379K, committed 11904K, reserved 425984K
}
Event: 19.425 GC heap after
{Heap after GC invocations=37 (full 0):
 garbage-first heap   total 201728K, used 96253K [0x0000000080000000, 0x0000000100000000)
  region size 1024K, 10 young (10240K), 10 survivors (10240K)
 Metaspace       used 82246K, committed 83328K, reserved 557056K
  class space    used 11379K, committed 11904K, reserved 425984K
}
Event: 20.155 GC heap before
{Heap before GC invocations=37 (full 0):
 garbage-first heap   total 201728K, used 160765K [0x0000000080000000, 0x0000000100000000)
  region size 1024K, 72 young (73728K), 10 survivors (10240K)
 Metaspace       used 87108K, committed 88064K, reserved 557056K
  class space    used 11885K, committed 12352K, reserved 425984K
}
Event: 20.162 GC heap after
{Heap after GC invocations=38 (full 0):
 garbage-first heap   total 201728K, used 101537K [0x0000000080000000, 0x0000000100000000)
  region size 1024K, 5 young (5120K), 5 survivors (5120K)
 Metaspace       used 87108K, committed 88064K, reserved 557056K
  class space    used 11885K, committed 12352K, reserved 425984K
}
Event: 21.160 GC heap before
{Heap before GC invocations=38 (full 0):
 garbage-first heap   total 201728K, used 165025K [0x0000000080000000, 0x0000000100000000)
  region size 1024K, 63 young (64512K), 5 survivors (5120K)
 Metaspace       used 90476K, committed 91456K, reserved 557056K
  class space    used 12323K, committed 12800K, reserved 425984K
}
Event: 21.166 GC heap after
{Heap after GC invocations=39 (full 0):
 garbage-first heap   total 201728K, used 104460K [0x0000000080000000, 0x0000000100000000)
  region size 1024K, 4 young (4096K), 4 survivors (4096K)
 Metaspace       used 90476K, committed 91456K, reserved 557056K
  class space    used 12323K, committed 12800K, reserved 425984K
}
Event: 22.271 GC heap before
{Heap before GC invocations=39 (full 0):
 garbage-first heap   total 201728K, used 165900K [0x0000000080000000, 0x0000000100000000)
  region size 1024K, 62 young (63488K), 4 survivors (4096K)
 Metaspace       used 94335K, committed 95360K, reserved 557056K
  class space    used 12865K, committed 13376K, reserved 425984K
}
Event: 22.275 GC heap after
{Heap after GC invocations=40 (full 0):
 garbage-first heap   total 201728K, used 108115K [0x0000000080000000, 0x0000000100000000)
  region size 1024K, 6 young (6144K), 6 survivors (6144K)
 Metaspace       used 94335K, committed 95360K, reserved 557056K
  class space    used 12865K, committed 13376K, reserved 425984K
}
Event: 23.716 GC heap before
{Heap before GC invocations=40 (full 0):
 garbage-first heap   total 201728K, used 165459K [0x0000000080000000, 0x0000000100000000)
  region size 1024K, 62 young (63488K), 6 survivors (6144K)
 Metaspace       used 96534K, committed 97600K, reserved 557056K
  class space    used 13164K, committed 13696K, reserved 425984K
}
Event: 23.722 GC heap after
{Heap after GC invocations=41 (full 0):
 garbage-first heap   total 201728K, used 111864K [0x0000000080000000, 0x0000000100000000)
  region size 1024K, 6 young (6144K), 6 survivors (6144K)
 Metaspace       used 96534K, committed 97600K, reserved 557056K
  class space    used 13164K, committed 13696K, reserved 425984K
}
Event: 24.902 GC heap before
{Heap before GC invocations=41 (full 0):
 garbage-first heap   total 201728K, used 167160K [0x0000000080000000, 0x0000000100000000)
  region size 1024K, 60 young (61440K), 6 survivors (6144K)
 Metaspace       used 99552K, committed 100608K, reserved 557056K
  class space    used 13565K, committed 14080K, reserved 425984K
}
Event: 24.910 GC heap after
{Heap after GC invocations=42 (full 0):
 garbage-first heap   total 201728K, used 113937K [0x0000000080000000, 0x0000000100000000)
  region size 1024K, 6 young (6144K), 6 survivors (6144K)
 Metaspace       used 99552K, committed 100608K, reserved 557056K
  class space    used 13565K, committed 14080K, reserved 425984K
}
Event: 26.679 GC heap before
{Heap before GC invocations=42 (full 0):
 garbage-first heap   total 201728K, used 169233K [0x0000000080000000, 0x0000000100000000)
  region size 1024K, 60 young (61440K), 6 survivors (6144K)
 Metaspace       used 103045K, committed 104064K, reserved 557056K
  class space    used 14170K, committed 14656K, reserved 425984K
}
Event: 26.687 GC heap after
{Heap after GC invocations=43 (full 0):
 garbage-first heap   total 201728K, used 115427K [0x0000000080000000, 0x0000000100000000)
  region size 1024K, 4 young (4096K), 4 survivors (4096K)
 Metaspace       used 103045K, committed 104064K, reserved 557056K
  class space    used 14170K, committed 14656K, reserved 425984K
}

