# JRE version: OpenJDK Runtime Environment Temurin-21.0.6+7 (21.0.6+7) (build 21.0.6+7-LTS)
# Java VM: OpenJDK 64-Bit Server VM Temurin-21.0.6+7 (21.0.6+7-LTS, mixed mode, sharing, tiered, compressed oops, compressed class ptrs, parallel gc, windows-amd64)
GC Precious Log:
 CardTable entry size: 512
 CPUs: 12 total, 12 available
 Memory: 16205M
 Large Page Support: Disabled
 NUMA Support: Disabled
 Compressed Oops: Enabled (32-bit)
 Alignments: Space 512K, Generation 512K, Heap 2M
 Heap Min Capacity: 100M
 Heap Initial Capacity: 100M
 Heap Max Capacity: 1G
 Pre-touch: Disabled
 Parallel Workers: 10
Heap:
 PSYoungGen      total 10752K, used 786K [0x00000000eab00000, 0x00000000eb780000, 0x0000000100000000)
  eden space 9728K, 0% used [0x00000000eab00000,0x00000000eab00000,0x00000000eb480000)
  from space 1024K, 76% used [0x00000000eb480000,0x00000000eb5448c0,0x00000000eb580000)
  to   space 1536K, 0% used [0x00000000eb600000,0x00000000eb600000,0x00000000eb780000)
 ParOldGen       total 163328K, used 163096K [0x00000000c0000000, 0x00000000c9f80000, 0x00000000eab00000)
  object space 163328K, 99% used [0x00000000c0000000,0x00000000c9f46048,0x00000000c9f80000)
 Metaspace       used 58505K, committed 59776K, reserved 1114112K
  class space    used 6986K, committed 7552K, reserved 1048576K
GC Heap History (20 events):
Event: 12.410 GC heap after
{Heap after GC invocations=84 (full 2):
 PSYoungGen      total 11264K, used 1011K [0x00000000eab00000, 0x00000000ebe00000, 0x0000000100000000)
  eden space 10240K, 0% used [0x00000000eab00000,0x00000000eab00000,0x00000000eb500000)
  from space 1024K, 98% used [0x00000000eb900000,0x00000000eb9fcc08,0x00000000eba00000)
  to   space 4096K, 0% used [0x00000000eb500000,0x00000000eb500000,0x00000000eb900000)
 ParOldGen       total 148992K, used 148894K [0x00000000c0000000, 0x00000000c9180000, 0x00000000eab00000)
  object space 148992K, 99% used [0x00000000c0000000,0x00000000c9167930,0x00000000c9180000)
 Metaspace       used 57084K, committed 58368K, reserved 1114112K
  class space    used 6640K, committed 7232K, reserved 1048576K
}
Event: 12.462 GC heap before
{Heap before GC invocations=85 (full 2):
 PSYoungGen      total 11264K, used 11251K [0x00000000eab00000, 0x00000000ebe00000, 0x0000000100000000)
  eden space 10240K, 100% used [0x00000000eab00000,0x00000000eb500000,0x00000000eb500000)
  from space 1024K, 98% used [0x00000000eb900000,0x00000000eb9fcc08,0x00000000eba00000)
  to   space 4096K, 0% used [0x00000000eb500000,0x00000000eb500000,0x00000000eb900000)
 ParOldGen       total 148992K, used 148894K [0x00000000c0000000, 0x00000000c9180000, 0x00000000eab00000)
  object space 148992K, 99% used [0x00000000c0000000,0x00000000c9167930,0x00000000c9180000)
 Metaspace       used 57324K, committed 58624K, reserved 1114112K
  class space    used 6696K, committed 7296K, reserved 1048576K
}
Event: 12.465 GC heap after
{Heap after GC invocations=85 (full 2):
 PSYoungGen      total 12288K, used 1771K [0x00000000eab00000, 0x00000000eba00000, 0x0000000100000000)
  eden space 10240K, 0% used [0x00000000eab00000,0x00000000eab00000,0x00000000eb500000)
  from space 2048K, 86% used [0x00000000eb500000,0x00000000eb6bad10,0x00000000eb700000)
  to   space 2560K, 0% used [0x00000000eb780000,0x00000000eb780000,0x00000000eba00000)
 ParOldGen       total 150016K, used 149896K [0x00000000c0000000, 0x00000000c9280000, 0x00000000eab00000)
  object space 150016K, 99% used [0x00000000c0000000,0x00000000c92620d0,0x00000000c9280000)
 Metaspace       used 57324K, committed 58624K, reserved 1114112K
  class space    used 6696K, committed 7296K, reserved 1048576K
}
Event: 12.507 GC heap before
{Heap before GC invocations=86 (full 2):
 PSYoungGen      total 12288K, used 12011K [0x00000000eab00000, 0x00000000eba00000, 0x0000000100000000)
  eden space 10240K, 100% used [0x00000000eab00000,0x00000000eb500000,0x00000000eb500000)
  from space 2048K, 86% used [0x00000000eb500000,0x00000000eb6bad10,0x00000000eb700000)
  to   space 2560K, 0% used [0x00000000eb780000,0x00000000eb780000,0x00000000eba00000)
 ParOldGen       total 150016K, used 149896K [0x00000000c0000000, 0x00000000c9280000, 0x00000000eab00000)
  object space 150016K, 99% used [0x00000000c0000000,0x00000000c92620d0,0x00000000c9280000)
 Metaspace       used 57535K, committed 58816K, reserved 1114112K
  class space    used 6753K, committed 7296K, reserved 1048576K
}
Event: 12.509 GC heap after
{Heap after GC invocations=86 (full 2):
 PSYoungGen      total 12288K, used 1860K [0x00000000eab00000, 0x00000000eb980000, 0x0000000100000000)
  eden space 10240K, 0% used [0x00000000eab00000,0x00000000eab00000,0x00000000eb500000)
  from space 2048K, 90% used [0x00000000eb780000,0x00000000eb951150,0x00000000eb980000)
  to   space 2048K, 0% used [0x00000000eb500000,0x00000000eb500000,0x00000000eb700000)
 ParOldGen       total 151552K, used 151399K [0x00000000c0000000, 0x00000000c9400000, 0x00000000eab00000)
  object space 151552K, 99% used [0x00000000c0000000,0x00000000c93d9da8,0x00000000c9400000)
 Metaspace       used 57535K, committed 58816K, reserved 1114112K
  class space    used 6753K, committed 7296K, reserved 1048576K
}
Event: 12.621 GC heap before
{Heap before GC invocations=87 (full 2):
 PSYoungGen      total 12288K, used 12100K [0x00000000eab00000, 0x00000000eb980000, 0x0000000100000000)
  eden space 10240K, 100% used [0x00000000eab00000,0x00000000eb500000,0x00000000eb500000)
  from space 2048K, 90% used [0x00000000eb780000,0x00000000eb951150,0x00000000eb980000)
  to   space 2048K, 0% used [0x00000000eb500000,0x00000000eb500000,0x00000000eb700000)
 ParOldGen       total 151552K, used 151399K [0x00000000c0000000, 0x00000000c9400000, 0x00000000eab00000)
  object space 151552K, 99% used [0x00000000c0000000,0x00000000c93d9da8,0x00000000c9400000)
 Metaspace       used 57846K, committed 59200K, reserved 1114112K
  class space    used 6828K, committed 7424K, reserved 1048576K
}
Event: 12.624 GC heap after
{Heap after GC invocations=87 (full 2):
 PSYoungGen      total 12288K, used 1525K [0x00000000eab00000, 0x00000000eb900000, 0x0000000100000000)
  eden space 10240K, 0% used [0x00000000eab00000,0x00000000eab00000,0x00000000eb500000)
  from space 2048K, 74% used [0x00000000eb500000,0x00000000eb67d640,0x00000000eb700000)
  to   space 2048K, 0% used [0x00000000eb700000,0x00000000eb700000,0x00000000eb900000)
 ParOldGen       total 153600K, used 153098K [0x00000000c0000000, 0x00000000c9600000, 0x00000000eab00000)
  object space 153600K, 99% used [0x00000000c0000000,0x00000000c9582948,0x00000000c9600000)
 Metaspace       used 57846K, committed 59200K, reserved 1114112K
  class space    used 6828K, committed 7424K, reserved 1048576K
}
Event: 12.675 GC heap before
{Heap before GC invocations=88 (full 2):
 PSYoungGen      total 12288K, used 11765K [0x00000000eab00000, 0x00000000eb900000, 0x0000000100000000)
  eden space 10240K, 100% used [0x00000000eab00000,0x00000000eb500000,0x00000000eb500000)
  from space 2048K, 74% used [0x00000000eb500000,0x00000000eb67d640,0x00000000eb700000)
  to   space 2048K, 0% used [0x00000000eb700000,0x00000000eb700000,0x00000000eb900000)
 ParOldGen       total 153600K, used 153098K [0x00000000c0000000, 0x00000000c9600000, 0x00000000eab00000)
  object space 153600K, 99% used [0x00000000c0000000,0x00000000c9582948,0x00000000c9600000)
 Metaspace       used 58035K, committed 59328K, reserved 1114112K
  class space    used 6858K, committed 7424K, reserved 1048576K
}
Event: 12.677 GC heap after
{Heap after GC invocations=88 (full 2):
 PSYoungGen      total 12288K, used 1937K [0x00000000eab00000, 0x00000000eb900000, 0x0000000100000000)
  eden space 10240K, 0% used [0x00000000eab00000,0x00000000eab00000,0x00000000eb500000)
  from space 2048K, 94% used [0x00000000eb700000,0x00000000eb8e4520,0x00000000eb900000)
  to   space 2048K, 0% used [0x00000000eb500000,0x00000000eb500000,0x00000000eb700000)
 ParOldGen       total 154624K, used 154507K [0x00000000c0000000, 0x00000000c9700000, 0x00000000eab00000)
  object space 154624K, 99% used [0x00000000c0000000,0x00000000c96e2c78,0x00000000c9700000)
 Metaspace       used 58035K, committed 59328K, reserved 1114112K
  class space    used 6858K, committed 7424K, reserved 1048576K
}
Event: 12.710 GC heap before
{Heap before GC invocations=89 (full 2):
 PSYoungGen      total 12288K, used 12177K [0x00000000eab00000, 0x00000000eb900000, 0x0000000100000000)
  eden space 10240K, 100% used [0x00000000eab00000,0x00000000eb500000,0x00000000eb500000)
  from space 2048K, 94% used [0x00000000eb700000,0x00000000eb8e4520,0x00000000eb900000)
  to   space 2048K, 0% used [0x00000000eb500000,0x00000000eb500000,0x00000000eb700000)
 ParOldGen       total 154624K, used 154507K [0x00000000c0000000, 0x00000000c9700000, 0x00000000eab00000)
  object space 154624K, 99% used [0x00000000c0000000,0x00000000c96e2c78,0x00000000c9700000)
 Metaspace       used 58119K, committed 59392K, reserved 1114112K
  class space    used 6881K, committed 7424K, reserved 1048576K
}
Event: 12.712 GC heap after
{Heap after GC invocations=89 (full 2):
 PSYoungGen      total 12288K, used 1972K [0x00000000eab00000, 0x00000000eb900000, 0x0000000100000000)
  eden space 10240K, 0% used [0x00000000eab00000,0x00000000eab00000,0x00000000eb500000)
  from space 2048K, 96% used [0x00000000eb500000,0x00000000eb6ed358,0x00000000eb700000)
  to   space 2048K, 0% used [0x00000000eb700000,0x00000000eb700000,0x00000000eb900000)
 ParOldGen       total 156672K, used 156196K [0x00000000c0000000, 0x00000000c9900000, 0x00000000eab00000)
  object space 156672K, 99% used [0x00000000c0000000,0x00000000c9889090,0x00000000c9900000)
 Metaspace       used 58119K, committed 59392K, reserved 1114112K
  class space    used 6881K, committed 7424K, reserved 1048576K
}
Event: 12.743 GC heap before
{Heap before GC invocations=90 (full 2):
 PSYoungGen      total 12288K, used 12212K [0x00000000eab00000, 0x00000000eb900000, 0x0000000100000000)
  eden space 10240K, 100% used [0x00000000eab00000,0x00000000eb500000,0x00000000eb500000)
  from space 2048K, 96% used [0x00000000eb500000,0x00000000eb6ed358,0x00000000eb700000)
  to   space 2048K, 0% used [0x00000000eb700000,0x00000000eb700000,0x00000000eb900000)
 ParOldGen       total 156672K, used 156196K [0x00000000c0000000, 0x00000000c9900000, 0x00000000eab00000)
  object space 156672K, 99% used [0x00000000c0000000,0x00000000c9889090,0x00000000c9900000)
 Metaspace       used 58207K, committed 59520K, reserved 1114112K
  class space    used 6913K, committed 7488K, reserved 1048576K
}
Event: 12.745 GC heap after
{Heap after GC invocations=90 (full 2):
 PSYoungGen      total 11776K, used 2040K [0x00000000eab00000, 0x00000000eba00000, 0x0000000100000000)
  eden space 9728K, 0% used [0x00000000eab00000,0x00000000eab00000,0x00000000eb480000)
  from space 2048K, 99% used [0x00000000eb700000,0x00000000eb8fe3a8,0x00000000eb900000)
  to   space 2560K, 0% used [0x00000000eb480000,0x00000000eb480000,0x00000000eb700000)
 ParOldGen       total 158208K, used 157972K [0x00000000c0000000, 0x00000000c9a80000, 0x00000000eab00000)
  object space 158208K, 99% used [0x00000000c0000000,0x00000000c9a45170,0x00000000c9a80000)
 Metaspace       used 58207K, committed 59520K, reserved 1114112K
  class space    used 6913K, committed 7488K, reserved 1048576K
}
Event: 12.774 GC heap before
{Heap before GC invocations=91 (full 2):
 PSYoungGen      total 11776K, used 11768K [0x00000000eab00000, 0x00000000eba00000, 0x0000000100000000)
  eden space 9728K, 100% used [0x00000000eab00000,0x00000000eb480000,0x00000000eb480000)
  from space 2048K, 99% used [0x00000000eb700000,0x00000000eb8fe3a8,0x00000000eb900000)
  to   space 2560K, 0% used [0x00000000eb480000,0x00000000eb480000,0x00000000eb700000)
 ParOldGen       total 158208K, used 157972K [0x00000000c0000000, 0x00000000c9a80000, 0x00000000eab00000)
  object space 158208K, 99% used [0x00000000c0000000,0x00000000c9a45170,0x00000000c9a80000)
 Metaspace       used 58306K, committed 59584K, reserved 1114112K
  class space    used 6945K, committed 7488K, reserved 1048576K
}
Event: 12.776 GC heap after
{Heap after GC invocations=91 (full 2):
 PSYoungGen      total 11776K, used 1840K [0x00000000eab00000, 0x00000000eb880000, 0x0000000100000000)
  eden space 9728K, 0% used [0x00000000eab00000,0x00000000eab00000,0x00000000eb480000)
  from space 2048K, 89% used [0x00000000eb480000,0x00000000eb64c148,0x00000000eb680000)
  to   space 2048K, 0% used [0x00000000eb680000,0x00000000eb680000,0x00000000eb880000)
 ParOldGen       total 160256K, used 159776K [0x00000000c0000000, 0x00000000c9c80000, 0x00000000eab00000)
  object space 160256K, 99% used [0x00000000c0000000,0x00000000c9c08038,0x00000000c9c80000)
 Metaspace       used 58306K, committed 59584K, reserved 1114112K
  class space    used 6945K, committed 7488K, reserved 1048576K
}
Event: 12.805 GC heap before
{Heap before GC invocations=92 (full 2):
 PSYoungGen      total 11776K, used 11568K [0x00000000eab00000, 0x00000000eb880000, 0x0000000100000000)
  eden space 9728K, 100% used [0x00000000eab00000,0x00000000eb480000,0x00000000eb480000)
  from space 2048K, 89% used [0x00000000eb480000,0x00000000eb64c148,0x00000000eb680000)
  to   space 2048K, 0% used [0x00000000eb680000,0x00000000eb680000,0x00000000eb880000)
 ParOldGen       total 160256K, used 159776K [0x00000000c0000000, 0x00000000c9c80000, 0x00000000eab00000)
  object space 160256K, 99% used [0x00000000c0000000,0x00000000c9c08038,0x00000000c9c80000)
 Metaspace       used 58450K, committed 59776K, reserved 1114112K
  class space    used 6973K, committed 7552K, reserved 1048576K
}
Event: 12.807 GC heap after
{Heap after GC invocations=92 (full 2):
 PSYoungGen      total 11776K, used 1863K [0x00000000eab00000, 0x00000000eb880000, 0x0000000100000000)
  eden space 9728K, 0% used [0x00000000eab00000,0x00000000eab00000,0x00000000eb480000)
  from space 2048K, 90% used [0x00000000eb680000,0x00000000eb851c18,0x00000000eb880000)
  to   space 2048K, 0% used [0x00000000eb480000,0x00000000eb480000,0x00000000eb680000)
 ParOldGen       total 161792K, used 161422K [0x00000000c0000000, 0x00000000c9e00000, 0x00000000eab00000)
  object space 161792K, 99% used [0x00000000c0000000,0x00000000c9da3ae0,0x00000000c9e00000)
 Metaspace       used 58450K, committed 59776K, reserved 1114112K
  class space    used 6973K, committed 7552K, reserved 1048576K
}
Event: 12.822 GC heap before
{Heap before GC invocations=93 (full 2):
 PSYoungGen      total 11776K, used 5868K [0x00000000eab00000, 0x00000000eb880000, 0x0000000100000000)
  eden space 9728K, 41% used [0x00000000eab00000,0x00000000eaee9500,0x00000000eb480000)
  from space 2048K, 90% used [0x00000000eb680000,0x00000000eb851c18,0x00000000eb880000)
  to   space 2048K, 0% used [0x00000000eb480000,0x00000000eb480000,0x00000000eb680000)
 ParOldGen       total 161792K, used 161422K [0x00000000c0000000, 0x00000000c9e00000, 0x00000000eab00000)
  object space 161792K, 99% used [0x00000000c0000000,0x00000000c9da3ae0,0x00000000c9e00000)
 Metaspace       used 58505K, committed 59776K, reserved 1114112K
  class space    used 6986K, committed 7552K, reserved 1048576K
}
Event: 12.825 GC heap after
{Heap after GC invocations=93 (full 2):
 PSYoungGen      total 10752K, used 786K [0x00000000eab00000, 0x00000000eb780000, 0x0000000100000000)
  eden space 9728K, 0% used [0x00000000eab00000,0x00000000eab00000,0x00000000eb480000)
  from space 1024K, 76% used [0x00000000eb480000,0x00000000eb5448c0,0x00000000eb580000)
  to   space 1536K, 0% used [0x00000000eb600000,0x00000000eb600000,0x00000000eb780000)
 ParOldGen       total 163328K, used 163096K [0x00000000c0000000, 0x00000000c9f80000, 0x00000000eab00000)
  object space 163328K, 99% used [0x00000000c0000000,0x00000000c9f46048,0x00000000c9f80000)
 Metaspace       used 58505K, committed 59776K, reserved 1114112K
  class space    used 6986K, committed 7552K, reserved 1048576K
}
Event: 12.825 GC heap before
{Heap before GC invocations=94 (full 3):
 PSYoungGen      total 10752K, used 786K [0x00000000eab00000, 0x00000000eb780000, 0x0000000100000000)
  eden space 9728K, 0% used [0x00000000eab00000,0x00000000eab00000,0x00000000eb480000)
  from space 1024K, 76% used [0x00000000eb480000,0x00000000eb5448c0,0x00000000eb580000)
  to   space 1536K, 0% used [0x00000000eb600000,0x00000000eb600000,0x00000000eb780000)
 ParOldGen       total 163328K, used 163096K [0x00000000c0000000, 0x00000000c9f80000, 0x00000000eab00000)
  object space 163328K, 99% used [0x00000000c0000000,0x00000000c9f46048,0x00000000c9f80000)
 Metaspace       used 58505K, committed 59776K, reserved 1114112K
  class space    used 6986K, committed 7552K, reserved 1048576K
}

