# JRE version: OpenJDK Runtime Environment Microsoft-8902769 (17.0.10+7) (build 17.0.10+7-LTS)
# Java VM: OpenJDK 64-Bit Server VM Microsoft-8902769 (17.0.10+7-LTS, mixed mode, sharing, tiered, compressed oops, compressed class ptrs, g1 gc, windows-amd64)
GC Precious Log:
 CPUs: 12 total, 12 available
 Memory: 16205M
 Large Page Support: Disabled
 NUMA Support: Disabled
 Compressed Oops: Enabled (Zero based)
 Heap Region Size: 2M
 Heap Min Capacity: 8M
 Heap Initial Capacity: 254M
 Heap Max Capacity: 4G
 Pre-touch: Disabled
 Parallel Workers: 10
 Concurrent Workers: 3
 Concurrent Refinement Workers: 10
 Periodic GC: Disabled
Heap:
 garbage-first heap   total 673792K, used 340051K [0x0000000700000000, 0x0000000800000000)
  region size 2048K, 6 young (12288K), 6 survivors (12288K)
 Metaspace       used 136822K, committed 138560K, reserved 983040K
  class space    used 18318K, committed 19136K, reserved 851968K
GC Heap History (20 events):
Event: 41.798 GC heap after
{Heap after GC invocations=45 (full 0):
 garbage-first heap   total 462848K, used 235792K [0x0000000700000000, 0x0000000800000000)
  region size 2048K, 11 young (22528K), 11 survivors (22528K)
 Metaspace       used 129036K, committed 130560K, reserved 983040K
  class space    used 17261K, committed 17984K, reserved 851968K
}
Event: 43.393 GC heap before
{Heap before GC invocations=45 (full 0):
 garbage-first heap   total 462848K, used 368912K [0x0000000700000000, 0x0000000800000000)
  region size 2048K, 76 young (155648K), 11 survivors (22528K)
 Metaspace       used 134940K, committed 136448K, reserved 983040K
  class space    used 18084K, committed 18752K, reserved 851968K
}
Event: 43.419 GC heap after
{Heap after GC invocations=46 (full 0):
 garbage-first heap   total 462848K, used 253439K [0x0000000700000000, 0x0000000800000000)
  region size 2048K, 9 young (18432K), 9 survivors (18432K)
 Metaspace       used 134940K, committed 136448K, reserved 983040K
  class space    used 18084K, committed 18752K, reserved 851968K
}
Event: 48.032 GC heap before
{Heap before GC invocations=46 (full 0):
 garbage-first heap   total 462848K, used 361983K [0x0000000700000000, 0x0000000800000000)
  region size 2048K, 64 young (131072K), 9 survivors (18432K)
 Metaspace       used 136730K, committed 138432K, reserved 983040K
  class space    used 18313K, committed 19136K, reserved 851968K
}
Event: 48.054 GC heap after
{Heap after GC invocations=47 (full 0):
 garbage-first heap   total 462848K, used 267327K [0x0000000700000000, 0x0000000800000000)
  region size 2048K, 7 young (14336K), 7 survivors (14336K)
 Metaspace       used 136730K, committed 138432K, reserved 983040K
  class space    used 18313K, committed 19136K, reserved 851968K
}
Event: 48.479 GC heap before
{Heap before GC invocations=47 (full 0):
 garbage-first heap   total 561152K, used 529471K [0x0000000700000000, 0x0000000800000000)
  region size 2048K, 34 young (69632K), 7 survivors (14336K)
 Metaspace       used 136821K, committed 138560K, reserved 983040K
  class space    used 18318K, committed 19136K, reserved 851968K
}
Event: 48.493 GC heap after
{Heap after GC invocations=48 (full 0):
 garbage-first heap   total 561152K, used 274432K [0x0000000700000000, 0x0000000800000000)
  region size 2048K, 4 young (8192K), 4 survivors (8192K)
 Metaspace       used 136821K, committed 138560K, reserved 983040K
  class space    used 18318K, committed 19136K, reserved 851968K
}
Event: 48.710 GC heap before
{Heap before GC invocations=48 (full 0):
 garbage-first heap   total 561152K, used 366592K [0x0000000700000000, 0x0000000800000000)
  region size 2048K, 25 young (51200K), 4 survivors (8192K)
 Metaspace       used 136822K, committed 138560K, reserved 983040K
  class space    used 18318K, committed 19136K, reserved 851968K
}
Event: 48.714 GC heap after
{Heap after GC invocations=49 (full 0):
 garbage-first heap   total 561152K, used 299242K [0x0000000700000000, 0x0000000800000000)
  region size 2048K, 7 young (14336K), 7 survivors (14336K)
 Metaspace       used 136822K, committed 138560K, reserved 983040K
  class space    used 18318K, committed 19136K, reserved 851968K
}
Event: 48.763 GC heap before
{Heap before GC invocations=49 (full 0):
 garbage-first heap   total 561152K, used 340202K [0x0000000700000000, 0x0000000800000000)
  region size 2048K, 12 young (24576K), 7 survivors (14336K)
 Metaspace       used 136822K, committed 138560K, reserved 983040K
  class space    used 18318K, committed 19136K, reserved 851968K
}
Event: 48.768 GC heap after
{Heap after GC invocations=50 (full 0):
 garbage-first heap   total 561152K, used 315211K [0x0000000700000000, 0x0000000800000000)
  region size 2048K, 6 young (12288K), 6 survivors (12288K)
 Metaspace       used 136822K, committed 138560K, reserved 983040K
  class space    used 18318K, committed 19136K, reserved 851968K
}
Event: 48.779 GC heap before
{Heap before GC invocations=50 (full 0):
 garbage-first heap   total 561152K, used 337739K [0x0000000700000000, 0x0000000800000000)
  region size 2048K, 8 young (16384K), 6 survivors (12288K)
 Metaspace       used 136822K, committed 138560K, reserved 983040K
  class space    used 18318K, committed 19136K, reserved 851968K
}
Event: 48.784 GC heap after
{Heap after GC invocations=51 (full 0):
 garbage-first heap   total 673792K, used 301278K [0x0000000700000000, 0x0000000800000000)
  region size 2048K, 4 young (8192K), 4 survivors (8192K)
 Metaspace       used 136822K, committed 138560K, reserved 983040K
  class space    used 18318K, committed 19136K, reserved 851968K
}
Event: 48.862 GC heap before
{Heap before GC invocations=51 (full 0):
 garbage-first heap   total 673792K, used 336094K [0x0000000700000000, 0x0000000800000000)
  region size 2048K, 10 young (20480K), 4 survivors (8192K)
 Metaspace       used 136822K, committed 138560K, reserved 983040K
  class space    used 18318K, committed 19136K, reserved 851968K
}
Event: 48.867 GC heap after
{Heap after GC invocations=52 (full 0):
 garbage-first heap   total 673792K, used 313158K [0x0000000700000000, 0x0000000800000000)
  region size 2048K, 5 young (10240K), 5 survivors (10240K)
 Metaspace       used 136822K, committed 138560K, reserved 983040K
  class space    used 18318K, committed 19136K, reserved 851968K
}
Event: 48.957 GC heap before
{Heap before GC invocations=52 (full 0):
 garbage-first heap   total 673792K, used 364358K [0x0000000700000000, 0x0000000800000000)
  region size 2048K, 15 young (30720K), 5 survivors (10240K)
 Metaspace       used 136822K, committed 138560K, reserved 983040K
  class space    used 18318K, committed 19136K, reserved 851968K
}
Event: 48.962 GC heap after
{Heap after GC invocations=53 (full 0):
 garbage-first heap   total 673792K, used 320381K [0x0000000700000000, 0x0000000800000000)
  region size 2048K, 6 young (12288K), 6 survivors (12288K)
 Metaspace       used 136822K, committed 138560K, reserved 983040K
  class space    used 18318K, committed 19136K, reserved 851968K
}
Event: 49.012 GC heap before
{Heap before GC invocations=53 (full 0):
 garbage-first heap   total 673792K, used 349053K [0x0000000700000000, 0x0000000800000000)
  region size 2048K, 11 young (22528K), 6 survivors (12288K)
 Metaspace       used 136822K, committed 138560K, reserved 983040K
  class space    used 18318K, committed 19136K, reserved 851968K
}
Event: 49.016 GC heap after
{Heap after GC invocations=54 (full 0):
 garbage-first heap   total 673792K, used 328787K [0x0000000700000000, 0x0000000800000000)
  region size 2048K, 7 young (14336K), 7 survivors (14336K)
 Metaspace       used 136822K, committed 138560K, reserved 983040K
  class space    used 18318K, committed 19136K, reserved 851968K
}
Event: 49.112 GC heap before
{Heap before GC invocations=54 (full 0):
 garbage-first heap   total 673792K, used 361555K [0x0000000700000000, 0x0000000800000000)
  region size 2048K, 10 young (20480K), 7 survivors (14336K)
 Metaspace       used 136822K, committed 138560K, reserved 983040K
  class space    used 18318K, committed 19136K, reserved 851968K
}

